{"C:\\Users\\julie\\OneDrive\\Documents\\Software Engineer Portfolio\\plantpal_server\\src\\app.ts": {"path":"C:\\Users\\julie\\OneDrive\\Documents\\Software Engineer Portfolio\\plantpal_server\\src\\app.ts","statementMap":{"0":{"start":{"line":11,"column":12},"end":{"line":11,"column":21}},"1":{"start":{"line":12,"column":15},"end":{"line":12,"column":37}},"2":{"start":{"line":18,"column":0},"end":{"line":18,"column":19}},"3":{"start":{"line":20,"column":0},"end":{"line":23,"column":4}},"4":{"start":{"line":24,"column":0},"end":{"line":24,"column":24}},"5":{"start":{"line":25,"column":0},"end":{"line":25,"column":24}},"6":{"start":{"line":26,"column":0},"end":{"line":26,"column":27}},"7":{"start":{"line":27,"column":0},"end":{"line":29,"column":4}},"8":{"start":{"line":31,"column":0},"end":{"line":31,"column":30}},"9":{"start":{"line":32,"column":0},"end":{"line":32,"column":39}},"10":{"start":{"line":34,"column":0},"end":{"line":34,"column":16}},"11":{"start":{"line":43,"column":0},"end":{"line":47,"column":3}},"12":{"start":{"line":44,"column":31},"end":{"line":44,"column":53}},"13":{"start":{"line":45,"column":2},"end":{"line":45,"column":23}},"14":{"start":{"line":46,"column":2},"end":{"line":46,"column":12}},"15":{"start":{"line":56,"column":0},"end":{"line":62,"column":3}},"16":{"start":{"line":57,"column":2},"end":{"line":57,"column":41}},"17":{"start":{"line":58,"column":4},"end":{"line":58,"column":57}},"18":{"start":{"line":59,"column":4},"end":{"line":61,"column":7}},"19":{"start":{"line":64,"column":13},"end":{"line":64,"column":17}},"20":{"start":{"line":65,"column":0},"end":{"line":67,"column":3}},"21":{"start":{"line":66,"column":2},"end":{"line":66,"column":51}}},"fnMap":{"0":{"name":"(anonymous_0)","decl":{"start":{"line":43,"column":8},"end":{"line":43,"column":9}},"loc":{"start":{"line":43,"column":61},"end":{"line":47,"column":1}},"line":43},"1":{"name":"(anonymous_1)","decl":{"start":{"line":56,"column":8},"end":{"line":56,"column":9}},"loc":{"start":{"line":56,"column":83},"end":{"line":62,"column":1}},"line":56},"2":{"name":"(anonymous_2)","decl":{"start":{"line":65,"column":20},"end":{"line":65,"column":21}},"loc":{"start":{"line":65,"column":26},"end":{"line":67,"column":1}},"line":65}},"branchMap":{"0":{"loc":{"start":{"line":57,"column":19},"end":{"line":57,"column":40}},"type":"binary-expr","locations":[{"start":{"line":57,"column":19},"end":{"line":57,"column":33}},{"start":{"line":57,"column":37},"end":{"line":57,"column":40}}],"line":57},"1":{"loc":{"start":{"line":58,"column":18},"end":{"line":58,"column":56}},"type":"binary-expr","locations":[{"start":{"line":58,"column":18},"end":{"line":58,"column":29}},{"start":{"line":58,"column":33},"end":{"line":58,"column":56}}],"line":58}},"s":{"0":3,"1":3,"2":3,"3":3,"4":3,"5":3,"6":3,"7":3,"8":3,"9":3,"10":3,"11":3,"12":1,"13":1,"14":1,"15":3,"16":2,"17":2,"18":2,"19":3,"20":3,"21":2},"f":{"0":1,"1":2,"2":2},"b":{"0":[2,1],"1":[2,0]},"_coverageSchema":"1a1c01bbd47fc00a2c39e90264f33305004495a9","hash":"c764fbf271c2185515c71617626e787f485080e2"}
,"C:\\Users\\julie\\OneDrive\\Documents\\Software Engineer Portfolio\\plantpal_server\\src\\Helper\\callbackManager.ts": {"path":"C:\\Users\\julie\\OneDrive\\Documents\\Software Engineer Portfolio\\plantpal_server\\src\\Helper\\callbackManager.ts","statementMap":{"0":{"start":{"line":13,"column":4},"end":{"line":17,"column":7}},"1":{"start":{"line":30,"column":4},"end":{"line":32,"column":5}},"2":{"start":{"line":31,"column":8},"end":{"line":31,"column":29}},"3":{"start":{"line":33,"column":4},"end":{"line":33,"column":25}}},"fnMap":{"0":{"name":"handleSocketCallback","decl":{"start":{"line":12,"column":16},"end":{"line":12,"column":36}},"loc":{"start":{"line":12,"column":136},"end":{"line":18,"column":1}},"line":12},"1":{"name":"extractErrorMessage","decl":{"start":{"line":29,"column":16},"end":{"line":29,"column":35}},"loc":{"start":{"line":29,"column":60},"end":{"line":34,"column":1}},"line":29}},"branchMap":{"0":{"loc":{"start":{"line":30,"column":4},"end":{"line":32,"column":5}},"type":"if","locations":[{"start":{"line":30,"column":4},"end":{"line":32,"column":5}},{"start":{},"end":{}}],"line":30}},"s":{"0":2,"1":4,"2":1,"3":3},"f":{"0":2,"1":4},"b":{"0":[1,3]},"_coverageSchema":"1a1c01bbd47fc00a2c39e90264f33305004495a9","hash":"ef64acd0f4f81ad063e8b7d413366a523b574bb8"}
,"C:\\Users\\julie\\OneDrive\\Documents\\Software Engineer Portfolio\\plantpal_server\\src\\Helper\\emailManager.ts": {"path":"C:\\Users\\julie\\OneDrive\\Documents\\Software Engineer Portfolio\\plantpal_server\\src\\Helper\\emailManager.ts","statementMap":{"0":{"start":{"line":16,"column":22},"end":{"line":23,"column":6}},"1":{"start":{"line":25,"column":22},"end":{"line":31,"column":6}},"2":{"start":{"line":33,"column":4},"end":{"line":33,"column":21}}},"fnMap":{"0":{"name":"sendEmail","decl":{"start":{"line":12,"column":22},"end":{"line":12,"column":31}},"loc":{"start":{"line":12,"column":84},"end":{"line":34,"column":1}},"line":12}},"branchMap":{},"s":{"0":3,"1":3,"2":2},"f":{"0":3},"b":{},"_coverageSchema":"1a1c01bbd47fc00a2c39e90264f33305004495a9","hash":"84a7d04c7b9eb3fdfb76781f2a6510e25e37f45b"}
,"C:\\Users\\julie\\OneDrive\\Documents\\Software Engineer Portfolio\\plantpal_server\\src\\Helper\\errorManager.ts": {"path":"C:\\Users\\julie\\OneDrive\\Documents\\Software Engineer Portfolio\\plantpal_server\\src\\Helper\\errorManager.ts","statementMap":{"0":{"start":{"line":16,"column":8},"end":{"line":16,"column":23}},"1":{"start":{"line":17,"column":8},"end":{"line":17,"column":37}},"2":{"start":{"line":18,"column":8},"end":{"line":18,"column":34}},"3":{"start":{"line":19,"column":8},"end":{"line":19,"column":56}},"4":{"start":{"line":32,"column":28},"end":{"line":44,"column":1}},"5":{"start":{"line":33,"column":23},"end":{"line":33,"column":44}},"6":{"start":{"line":34,"column":20},"end":{"line":34,"column":65}},"7":{"start":{"line":36,"column":4},"end":{"line":38,"column":5}},"8":{"start":{"line":37,"column":8},"end":{"line":37,"column":56}},"9":{"start":{"line":40,"column":4},"end":{"line":43,"column":7}}},"fnMap":{"0":{"name":"(anonymous_0)","decl":{"start":{"line":15,"column":4},"end":{"line":15,"column":5}},"loc":{"start":{"line":15,"column":53},"end":{"line":20,"column":5}},"line":15},"1":{"name":"(anonymous_1)","decl":{"start":{"line":32,"column":28},"end":{"line":32,"column":29}},"loc":{"start":{"line":32,"column":65},"end":{"line":44,"column":1}},"line":32}},"branchMap":{"0":{"loc":{"start":{"line":33,"column":23},"end":{"line":33,"column":44}},"type":"binary-expr","locations":[{"start":{"line":33,"column":23},"end":{"line":33,"column":37}},{"start":{"line":33,"column":41},"end":{"line":33,"column":44}}],"line":33},"1":{"loc":{"start":{"line":34,"column":20},"end":{"line":34,"column":65}},"type":"binary-expr","locations":[{"start":{"line":34,"column":20},"end":{"line":34,"column":31}},{"start":{"line":34,"column":35},"end":{"line":34,"column":65}}],"line":34},"2":{"loc":{"start":{"line":36,"column":4},"end":{"line":38,"column":5}},"type":"if","locations":[{"start":{"line":36,"column":4},"end":{"line":38,"column":5}},{"start":{},"end":{}}],"line":36}},"s":{"0":26,"1":26,"2":26,"3":26,"4":6,"5":32,"6":32,"7":32,"8":1,"9":31},"f":{"0":26,"1":32},"b":{"0":[32,10],"1":[32,1],"2":[1,31]},"_coverageSchema":"1a1c01bbd47fc00a2c39e90264f33305004495a9","hash":"a59f67d9f15c1de236ee0e04ce6ad0b5f5af3bb2"}
,"C:\\Users\\julie\\OneDrive\\Documents\\Software Engineer Portfolio\\plantpal_server\\src\\Helper\\jwtManager.ts": {"path":"C:\\Users\\julie\\OneDrive\\Documents\\Software Engineer Portfolio\\plantpal_server\\src\\Helper\\jwtManager.ts","statementMap":{"0":{"start":{"line":12,"column":25},"end":{"line":18,"column":1}},"1":{"start":{"line":13,"column":37},"end":{"line":15,"column":5}},"2":{"start":{"line":17,"column":4},"end":{"line":17,"column":50}},"3":{"start":{"line":28,"column":27},"end":{"line":38,"column":1}},"4":{"start":{"line":29,"column":4},"end":{"line":37,"column":5}},"5":{"start":{"line":30,"column":8},"end":{"line":30,"column":55}},"6":{"start":{"line":32,"column":8},"end":{"line":36,"column":9}},"7":{"start":{"line":33,"column":12},"end":{"line":33,"column":74}},"8":{"start":{"line":35,"column":12},"end":{"line":35,"column":57}}},"fnMap":{"0":{"name":"(anonymous_0)","decl":{"start":{"line":12,"column":25},"end":{"line":12,"column":26}},"loc":{"start":{"line":12,"column":92},"end":{"line":18,"column":1}},"line":12},"1":{"name":"(anonymous_1)","decl":{"start":{"line":28,"column":27},"end":{"line":28,"column":28}},"loc":{"start":{"line":28,"column":83},"end":{"line":38,"column":1}},"line":28}},"branchMap":{"0":{"loc":{"start":{"line":32,"column":8},"end":{"line":36,"column":9}},"type":"if","locations":[{"start":{"line":32,"column":8},"end":{"line":36,"column":9}},{"start":{"line":34,"column":15},"end":{"line":36,"column":9}}],"line":32}},"s":{"0":3,"1":1,"2":1,"3":3,"4":3,"5":3,"6":2,"7":1,"8":1},"f":{"0":1,"1":3},"b":{"0":[1,1]},"_coverageSchema":"1a1c01bbd47fc00a2c39e90264f33305004495a9","hash":"babb1c5306e11277abe7552e0a8b0b9d28dcfe32"}
,"C:\\Users\\julie\\OneDrive\\Documents\\Software Engineer Portfolio\\plantpal_server\\src\\Helper\\myCrypto.ts": {"path":"C:\\Users\\julie\\OneDrive\\Documents\\Software Engineer Portfolio\\plantpal_server\\src\\Helper\\myCrypto.ts","statementMap":{"0":{"start":{"line":4,"column":18},"end":{"line":4,"column":31}},"1":{"start":{"line":5,"column":24},"end":{"line":5,"column":61}},"2":{"start":{"line":14,"column":13},"end":{"line":14,"column":35}},"3":{"start":{"line":16,"column":17},"end":{"line":16,"column":70}},"4":{"start":{"line":18,"column":20},"end":{"line":18,"column":72}},"5":{"start":{"line":20,"column":2},"end":{"line":23,"column":3}},"6":{"start":{"line":33,"column":19},"end":{"line":33,"column":99}},"7":{"start":{"line":35,"column":20},"end":{"line":35,"column":104}},"8":{"start":{"line":37,"column":2},"end":{"line":37,"column":29}}},"fnMap":{"0":{"name":"encrypt","decl":{"start":{"line":13,"column":16},"end":{"line":13,"column":23}},"loc":{"start":{"line":13,"column":53},"end":{"line":24,"column":1}},"line":13},"1":{"name":"decrypt","decl":{"start":{"line":32,"column":16},"end":{"line":32,"column":23}},"loc":{"start":{"line":32,"column":48},"end":{"line":38,"column":1}},"line":32}},"branchMap":{},"s":{"0":3,"1":3,"2":1,"3":1,"4":1,"5":1,"6":1,"7":1,"8":1},"f":{"0":1,"1":1},"b":{},"_coverageSchema":"1a1c01bbd47fc00a2c39e90264f33305004495a9","hash":"9018470bb3a5fda630a2e00842628ab5a492b2dd"}
,"C:\\Users\\julie\\OneDrive\\Documents\\Software Engineer Portfolio\\plantpal_server\\src\\Helper\\shadowManager.ts": {"path":"C:\\Users\\julie\\OneDrive\\Documents\\Software Engineer Portfolio\\plantpal_server\\src\\Helper\\shadowManager.ts","statementMap":{"0":{"start":{"line":7,"column":0},"end":{"line":11,"column":3}},"1":{"start":{"line":13,"column":16},"end":{"line":13,"column":85}},"2":{"start":{"line":24,"column":34},"end":{"line":48,"column":1}},"3":{"start":{"line":25,"column":25},"end":{"line":27,"column":5}},"4":{"start":{"line":29,"column":4},"end":{"line":31,"column":5}},"5":{"start":{"line":30,"column":8},"end":{"line":30,"column":39}},"6":{"start":{"line":34,"column":19},"end":{"line":39,"column":5}},"7":{"start":{"line":41,"column":4},"end":{"line":47,"column":5}},"8":{"start":{"line":42,"column":25},"end":{"line":42,"column":74}},"9":{"start":{"line":43,"column":21},"end":{"line":43,"column":59}},"10":{"start":{"line":44,"column":8},"end":{"line":44,"column":20}},"11":{"start":{"line":46,"column":8},"end":{"line":46,"column":59}},"12":{"start":{"line":57,"column":31},"end":{"line":69,"column":1}},"13":{"start":{"line":58,"column":19},"end":{"line":60,"column":5}},"14":{"start":{"line":62,"column":4},"end":{"line":68,"column":5}},"15":{"start":{"line":63,"column":25},"end":{"line":63,"column":71}},"16":{"start":{"line":64,"column":21},"end":{"line":64,"column":59}},"17":{"start":{"line":65,"column":8},"end":{"line":65,"column":20}},"18":{"start":{"line":67,"column":8},"end":{"line":67,"column":56}}},"fnMap":{"0":{"name":"(anonymous_0)","decl":{"start":{"line":24,"column":34},"end":{"line":24,"column":35}},"loc":{"start":{"line":24,"column":136},"end":{"line":48,"column":1}},"line":24},"1":{"name":"(anonymous_1)","decl":{"start":{"line":57,"column":31},"end":{"line":57,"column":32}},"loc":{"start":{"line":57,"column":74},"end":{"line":69,"column":1}},"line":57}},"branchMap":{"0":{"loc":{"start":{"line":29,"column":4},"end":{"line":31,"column":5}},"type":"if","locations":[{"start":{"line":29,"column":4},"end":{"line":31,"column":5}},{"start":{},"end":{}}],"line":29}},"s":{"0":3,"1":3,"2":3,"3":6,"4":6,"5":2,"6":6,"7":6,"8":6,"9":3,"10":3,"11":3,"12":3,"13":2,"14":2,"15":2,"16":1,"17":1,"18":1},"f":{"0":6,"1":2},"b":{"0":[2,4]},"_coverageSchema":"1a1c01bbd47fc00a2c39e90264f33305004495a9","hash":"8ac221ed60809a7b01d409855b40782efe47e867"}
,"C:\\Users\\julie\\OneDrive\\Documents\\Software Engineer Portfolio\\plantpal_server\\src\\Helper\\successManager.ts": {"path":"C:\\Users\\julie\\OneDrive\\Documents\\Software Engineer Portfolio\\plantpal_server\\src\\Helper\\successManager.ts","statementMap":{"0":{"start":{"line":19,"column":30},"end":{"line":24,"column":1}},"1":{"start":{"line":20,"column":4},"end":{"line":20,"column":35}},"2":{"start":{"line":21,"column":4},"end":{"line":21,"column":35}},"3":{"start":{"line":23,"column":4},"end":{"line":23,"column":122}}},"fnMap":{"0":{"name":"(anonymous_0)","decl":{"start":{"line":19,"column":30},"end":{"line":19,"column":31}},"loc":{"start":{"line":19,"column":234},"end":{"line":24,"column":1}},"line":19}},"branchMap":{"0":{"loc":{"start":{"line":20,"column":17},"end":{"line":20,"column":34}},"type":"binary-expr","locations":[{"start":{"line":20,"column":17},"end":{"line":20,"column":27}},{"start":{"line":20,"column":31},"end":{"line":20,"column":34}}],"line":20},"1":{"loc":{"start":{"line":21,"column":14},"end":{"line":21,"column":34}},"type":"binary-expr","locations":[{"start":{"line":21,"column":14},"end":{"line":21,"column":21}},{"start":{"line":21,"column":25},"end":{"line":21,"column":34}}],"line":21}},"s":{"0":4,"1":21,"2":21,"3":21},"f":{"0":21},"b":{"0":[21,1],"1":[21,0]},"_coverageSchema":"1a1c01bbd47fc00a2c39e90264f33305004495a9","hash":"12a70b00e9e6474598ab5f6f1544c71774e1d9a8"}
,"C:\\Users\\julie\\OneDrive\\Documents\\Software Engineer Portfolio\\plantpal_server\\src\\Helper\\tokenManager.ts": {"path":"C:\\Users\\julie\\OneDrive\\Documents\\Software Engineer Portfolio\\plantpal_server\\src\\Helper\\tokenManager.ts","statementMap":{"0":{"start":{"line":16,"column":64},"end":{"line":22,"column":1}},"1":{"start":{"line":17,"column":4},"end":{"line":21,"column":6}},"2":{"start":{"line":31,"column":66},"end":{"line":47,"column":1}},"3":{"start":{"line":32,"column":4},"end":{"line":46,"column":5}},"4":{"start":{"line":33,"column":29},"end":{"line":37,"column":9}},"5":{"start":{"line":39,"column":35},"end":{"line":39,"column":70}},"6":{"start":{"line":41,"column":8},"end":{"line":41,"column":67}},"7":{"start":{"line":43,"column":8},"end":{"line":43,"column":28}},"8":{"start":{"line":45,"column":8},"end":{"line":45,"column":58}},"9":{"start":{"line":56,"column":62},"end":{"line":74,"column":1}},"10":{"start":{"line":57,"column":4},"end":{"line":73,"column":5}},"11":{"start":{"line":58,"column":32},"end":{"line":58,"column":76}},"12":{"start":{"line":59,"column":33},"end":{"line":59,"column":71}},"13":{"start":{"line":60,"column":27},"end":{"line":60,"column":67}},"14":{"start":{"line":62,"column":30},"end":{"line":62,"column":98}},"15":{"start":{"line":63,"column":42},"end":{"line":63,"column":82}},"16":{"start":{"line":64,"column":42},"end":{"line":64,"column":122}},"17":{"start":{"line":66,"column":33},"end":{"line":66,"column":66}},"18":{"start":{"line":68,"column":8},"end":{"line":68,"column":90}},"19":{"start":{"line":70,"column":8},"end":{"line":70,"column":26}},"20":{"start":{"line":72,"column":8},"end":{"line":72,"column":56}}},"fnMap":{"0":{"name":"(anonymous_0)","decl":{"start":{"line":16,"column":64},"end":{"line":16,"column":65}},"loc":{"start":{"line":16,"column":88},"end":{"line":22,"column":1}},"line":16},"1":{"name":"(anonymous_1)","decl":{"start":{"line":31,"column":66},"end":{"line":31,"column":67}},"loc":{"start":{"line":31,"column":105},"end":{"line":47,"column":1}},"line":31},"2":{"name":"(anonymous_2)","decl":{"start":{"line":56,"column":62},"end":{"line":56,"column":63}},"loc":{"start":{"line":56,"column":101},"end":{"line":74,"column":1}},"line":56}},"branchMap":{},"s":{"0":3,"1":1,"2":3,"3":2,"4":2,"5":2,"6":1,"7":1,"8":1,"9":3,"10":2,"11":2,"12":2,"13":2,"14":2,"15":2,"16":2,"17":2,"18":1,"19":1,"20":1},"f":{"0":1,"1":2,"2":2},"b":{},"_coverageSchema":"1a1c01bbd47fc00a2c39e90264f33305004495a9","hash":"3523ca2a70bde8dd65f40f994344d503dc7718e0"}
,"C:\\Users\\julie\\OneDrive\\Documents\\Software Engineer Portfolio\\plantpal_server\\src\\Helper\\validateRequestManager.ts": {"path":"C:\\Users\\julie\\OneDrive\\Documents\\Software Engineer Portfolio\\plantpal_server\\src\\Helper\\validateRequestManager.ts","statementMap":{"0":{"start":{"line":15,"column":32},"end":{"line":21,"column":6}},"1":{"start":{"line":17,"column":8},"end":{"line":19,"column":9}},"2":{"start":{"line":18,"column":12},"end":{"line":18,"column":47}},"3":{"start":{"line":20,"column":8},"end":{"line":20,"column":20}},"4":{"start":{"line":29,"column":53},"end":{"line":35,"column":1}},"5":{"start":{"line":43,"column":50},"end":{"line":47,"column":1}},"6":{"start":{"line":55,"column":55},"end":{"line":59,"column":1}},"7":{"start":{"line":67,"column":63},"end":{"line":70,"column":1}},"8":{"start":{"line":78,"column":59},"end":{"line":81,"column":1}},"9":{"start":{"line":89,"column":58},"end":{"line":94,"column":1}},"10":{"start":{"line":102,"column":55},"end":{"line":104,"column":1}},"11":{"start":{"line":112,"column":54},"end":{"line":117,"column":1}},"12":{"start":{"line":125,"column":55},"end":{"line":129,"column":1}},"13":{"start":{"line":137,"column":55},"end":{"line":140,"column":1}},"14":{"start":{"line":148,"column":69},"end":{"line":152,"column":1}},"15":{"start":{"line":160,"column":61},"end":{"line":164,"column":1}},"16":{"start":{"line":172,"column":60},"end":{"line":175,"column":1}},"17":{"start":{"line":183,"column":66},"end":{"line":187,"column":1}},"18":{"start":{"line":195,"column":57},"end":{"line":197,"column":1}},"19":{"start":{"line":204,"column":31},"end":{"line":226,"column":1}},"20":{"start":{"line":205,"column":4},"end":{"line":225,"column":6}},"21":{"start":{"line":206,"column":8},"end":{"line":206,"column":78}},"22":{"start":{"line":206,"column":56},"end":{"line":206,"column":75}},"23":{"start":{"line":208,"column":23},"end":{"line":208,"column":44}},"24":{"start":{"line":209,"column":8},"end":{"line":222,"column":9}},"25":{"start":{"line":210,"column":56},"end":{"line":210,"column":58}},"26":{"start":{"line":212,"column":12},"end":{"line":218,"column":15}},"27":{"start":{"line":213,"column":16},"end":{"line":217,"column":17}},"28":{"start":{"line":214,"column":20},"end":{"line":214,"column":56}},"29":{"start":{"line":216,"column":20},"end":{"line":216,"column":79}},"30":{"start":{"line":220,"column":12},"end":{"line":220,"column":58}},"31":{"start":{"line":221,"column":12},"end":{"line":221,"column":19}},"32":{"start":{"line":224,"column":8},"end":{"line":224,"column":15}},"33":{"start":{"line":234,"column":35},"end":{"line":254,"column":1}},"34":{"start":{"line":235,"column":23},"end":{"line":235,"column":49}},"35":{"start":{"line":236,"column":4},"end":{"line":238,"column":5}},"36":{"start":{"line":237,"column":8},"end":{"line":237,"column":70}},"37":{"start":{"line":240,"column":24},"end":{"line":240,"column":48}},"38":{"start":{"line":241,"column":4},"end":{"line":253,"column":5}},"39":{"start":{"line":243,"column":24},"end":{"line":243,"column":96}},"40":{"start":{"line":244,"column":8},"end":{"line":249,"column":9}},"41":{"start":{"line":245,"column":12},"end":{"line":245,"column":68}},"42":{"start":{"line":246,"column":12},"end":{"line":246,"column":19}},"43":{"start":{"line":248,"column":12},"end":{"line":248,"column":63}},"44":{"start":{"line":252,"column":8},"end":{"line":252,"column":48}}},"fnMap":{"0":{"name":"(anonymous_0)","decl":{"start":{"line":16,"column":12},"end":{"line":16,"column":13}},"loc":{"start":{"line":16,"column":32},"end":{"line":21,"column":5}},"line":16},"1":{"name":"(anonymous_1)","decl":{"start":{"line":204,"column":31},"end":{"line":204,"column":32}},"loc":{"start":{"line":204,"column":89},"end":{"line":226,"column":1}},"line":204},"2":{"name":"(anonymous_2)","decl":{"start":{"line":205,"column":11},"end":{"line":205,"column":12}},"loc":{"start":{"line":205,"column":85},"end":{"line":225,"column":5}},"line":205},"3":{"name":"(anonymous_3)","decl":{"start":{"line":206,"column":42},"end":{"line":206,"column":43}},"loc":{"start":{"line":206,"column":56},"end":{"line":206,"column":75}},"line":206},"4":{"name":"(anonymous_4)","decl":{"start":{"line":212,"column":35},"end":{"line":212,"column":36}},"loc":{"start":{"line":212,"column":51},"end":{"line":218,"column":13}},"line":212},"5":{"name":"(anonymous_5)","decl":{"start":{"line":234,"column":35},"end":{"line":234,"column":36}},"loc":{"start":{"line":234,"column":105},"end":{"line":254,"column":1}},"line":234}},"branchMap":{"0":{"loc":{"start":{"line":17,"column":8},"end":{"line":19,"column":9}},"type":"if","locations":[{"start":{"line":17,"column":8},"end":{"line":19,"column":9}},{"start":{},"end":{}}],"line":17},"1":{"loc":{"start":{"line":209,"column":8},"end":{"line":222,"column":9}},"type":"if","locations":[{"start":{"line":209,"column":8},"end":{"line":222,"column":9}},{"start":{},"end":{}}],"line":209},"2":{"loc":{"start":{"line":213,"column":16},"end":{"line":217,"column":17}},"type":"if","locations":[{"start":{"line":213,"column":16},"end":{"line":217,"column":17}},{"start":{"line":215,"column":23},"end":{"line":217,"column":17}}],"line":213},"3":{"loc":{"start":{"line":236,"column":4},"end":{"line":238,"column":5}},"type":"if","locations":[{"start":{"line":236,"column":4},"end":{"line":238,"column":5}},{"start":{},"end":{}}],"line":236},"4":{"loc":{"start":{"line":236,"column":8},"end":{"line":236,"column":55}},"type":"binary-expr","locations":[{"start":{"line":236,"column":8},"end":{"line":236,"column":19}},{"start":{"line":236,"column":23},"end":{"line":236,"column":55}}],"line":236},"5":{"loc":{"start":{"line":244,"column":8},"end":{"line":249,"column":9}},"type":"if","locations":[{"start":{"line":244,"column":8},"end":{"line":249,"column":9}},{"start":{"line":247,"column":15},"end":{"line":249,"column":9}}],"line":244},"6":{"loc":{"start":{"line":244,"column":12},"end":{"line":244,"column":63}},"type":"binary-expr","locations":[{"start":{"line":244,"column":12},"end":{"line":244,"column":39}},{"start":{"line":244,"column":43},"end":{"line":244,"column":63}}],"line":244}},"s":{"0":5,"1":35,"2":8,"3":27,"4":5,"5":5,"6":5,"7":5,"8":5,"9":5,"10":5,"11":5,"12":5,"13":5,"14":5,"15":5,"16":5,"17":5,"18":5,"19":5,"20":48,"21":61,"22":165,"23":61,"24":61,"25":20,"26":20,"27":33,"28":32,"29":1,"30":20,"31":20,"32":41,"33":5,"34":26,"35":26,"36":1,"37":25,"38":25,"39":25,"40":23,"41":21,"42":21,"43":2,"44":4},"f":{"0":35,"1":48,"2":61,"3":165,"4":33,"5":26},"b":{"0":[8,27],"1":[20,41],"2":[32,1],"3":[1,25],"4":[26,25],"5":[21,2],"6":[23,23]},"_coverageSchema":"1a1c01bbd47fc00a2c39e90264f33305004495a9","hash":"3594d6756e4c4b081f27bf31e35626bb9f3aa89c"}
,"C:\\Users\\julie\\OneDrive\\Documents\\Software Engineer Portfolio\\plantpal_server\\src\\MySQL\\database.ts": {"path":"C:\\Users\\julie\\OneDrive\\Documents\\Software Engineer Portfolio\\plantpal_server\\src\\MySQL\\database.ts","statementMap":{"0":{"start":{"line":5,"column":0},"end":{"line":5,"column":16}},"1":{"start":{"line":11,"column":20},"end":{"line":17,"column":2}},"2":{"start":{"line":24,"column":19},"end":{"line":24,"column":75}},"3":{"start":{"line":25,"column":4},"end":{"line":25,"column":26}},"4":{"start":{"line":34,"column":19},"end":{"line":37,"column":5}},"5":{"start":{"line":38,"column":4},"end":{"line":38,"column":31}},"6":{"start":{"line":47,"column":19},"end":{"line":50,"column":5}},"7":{"start":{"line":51,"column":4},"end":{"line":51,"column":31}},"8":{"start":{"line":63,"column":21},"end":{"line":66,"column":5}},"9":{"start":{"line":68,"column":20},"end":{"line":68,"column":35}},"10":{"start":{"line":69,"column":4},"end":{"line":69,"column":32}},"11":{"start":{"line":78,"column":4},"end":{"line":81,"column":6}},"12":{"start":{"line":82,"column":4},"end":{"line":82,"column":32}},"13":{"start":{"line":94,"column":4},"end":{"line":97,"column":6}},"14":{"start":{"line":98,"column":4},"end":{"line":98,"column":32}},"15":{"start":{"line":108,"column":4},"end":{"line":111,"column":6}},"16":{"start":{"line":112,"column":4},"end":{"line":112,"column":32}},"17":{"start":{"line":122,"column":4},"end":{"line":125,"column":6}},"18":{"start":{"line":126,"column":4},"end":{"line":126,"column":32}},"19":{"start":{"line":137,"column":4},"end":{"line":140,"column":6}},"20":{"start":{"line":141,"column":4},"end":{"line":141,"column":32}},"21":{"start":{"line":150,"column":4},"end":{"line":153,"column":6}},"22":{"start":{"line":154,"column":4},"end":{"line":154,"column":32}},"23":{"start":{"line":163,"column":19},"end":{"line":166,"column":5}},"24":{"start":{"line":167,"column":4},"end":{"line":167,"column":28}},"25":{"start":{"line":176,"column":19},"end":{"line":179,"column":5}},"26":{"start":{"line":180,"column":4},"end":{"line":180,"column":33}},"27":{"start":{"line":196,"column":21},"end":{"line":199,"column":5}},"28":{"start":{"line":201,"column":22},"end":{"line":201,"column":37}},"29":{"start":{"line":202,"column":4},"end":{"line":202,"column":36}},"30":{"start":{"line":214,"column":4},"end":{"line":217,"column":6}},"31":{"start":{"line":218,"column":4},"end":{"line":218,"column":36}},"32":{"start":{"line":227,"column":19},"end":{"line":230,"column":5}},"33":{"start":{"line":231,"column":4},"end":{"line":231,"column":40}},"34":{"start":{"line":240,"column":19},"end":{"line":243,"column":5}},"35":{"start":{"line":244,"column":4},"end":{"line":244,"column":31}},"36":{"start":{"line":253,"column":19},"end":{"line":256,"column":5}},"37":{"start":{"line":257,"column":4},"end":{"line":257,"column":36}},"38":{"start":{"line":267,"column":4},"end":{"line":270,"column":6}},"39":{"start":{"line":271,"column":4},"end":{"line":271,"column":32}},"40":{"start":{"line":280,"column":19},"end":{"line":283,"column":5}},"41":{"start":{"line":284,"column":4},"end":{"line":284,"column":31}},"42":{"start":{"line":293,"column":19},"end":{"line":296,"column":5}},"43":{"start":{"line":297,"column":4},"end":{"line":297,"column":33}},"44":{"start":{"line":306,"column":19},"end":{"line":309,"column":5}},"45":{"start":{"line":310,"column":4},"end":{"line":310,"column":33}},"46":{"start":{"line":320,"column":4},"end":{"line":323,"column":6}},"47":{"start":{"line":324,"column":4},"end":{"line":324,"column":36}}},"fnMap":{"0":{"name":"getUsers","decl":{"start":{"line":23,"column":22},"end":{"line":23,"column":30}},"loc":{"start":{"line":23,"column":50},"end":{"line":26,"column":1}},"line":23},"1":{"name":"getUserByEmail","decl":{"start":{"line":33,"column":22},"end":{"line":33,"column":36}},"loc":{"start":{"line":33,"column":79},"end":{"line":39,"column":1}},"line":33},"2":{"name":"getUserById","decl":{"start":{"line":46,"column":22},"end":{"line":46,"column":33}},"loc":{"start":{"line":46,"column":78},"end":{"line":52,"column":1}},"line":46},"3":{"name":"createUser","decl":{"start":{"line":62,"column":22},"end":{"line":62,"column":32}},"loc":{"start":{"line":62,"column":132},"end":{"line":70,"column":1}},"line":62},"4":{"name":"updateLastLoginTime","decl":{"start":{"line":77,"column":22},"end":{"line":77,"column":41}},"loc":{"start":{"line":77,"column":86},"end":{"line":83,"column":1}},"line":77},"5":{"name":"updateUserInfo","decl":{"start":{"line":93,"column":22},"end":{"line":93,"column":36}},"loc":{"start":{"line":93,"column":135},"end":{"line":99,"column":1}},"line":93},"6":{"name":"updateUserPassword","decl":{"start":{"line":107,"column":22},"end":{"line":107,"column":40}},"loc":{"start":{"line":107,"column":103},"end":{"line":113,"column":1}},"line":107},"7":{"name":"updateRefreshToken","decl":{"start":{"line":121,"column":22},"end":{"line":121,"column":40}},"loc":{"start":{"line":121,"column":107},"end":{"line":127,"column":1}},"line":121},"8":{"name":"updateResetToken","decl":{"start":{"line":136,"column":22},"end":{"line":136,"column":38}},"loc":{"start":{"line":136,"column":129},"end":{"line":142,"column":1}},"line":136},"9":{"name":"clearResetToken","decl":{"start":{"line":149,"column":22},"end":{"line":149,"column":37}},"loc":{"start":{"line":149,"column":82},"end":{"line":155,"column":1}},"line":149},"10":{"name":"getUserDevices","decl":{"start":{"line":162,"column":22},"end":{"line":162,"column":36}},"loc":{"start":{"line":162,"column":73},"end":{"line":168,"column":1}},"line":162},"11":{"name":"getUserDevice","decl":{"start":{"line":175,"column":22},"end":{"line":175,"column":35}},"loc":{"start":{"line":175,"column":84},"end":{"line":181,"column":1}},"line":175},"12":{"name":"addUserDevice","decl":{"start":{"line":195,"column":22},"end":{"line":195,"column":35}},"loc":{"start":{"line":195,"column":227},"end":{"line":203,"column":1}},"line":195},"13":{"name":"updateDeviceWifi","decl":{"start":{"line":213,"column":22},"end":{"line":213,"column":38}},"loc":{"start":{"line":213,"column":147},"end":{"line":219,"column":1}},"line":213},"14":{"name":"getFactoryDevice","decl":{"start":{"line":226,"column":22},"end":{"line":226,"column":38}},"loc":{"start":{"line":226,"column":92},"end":{"line":232,"column":1}},"line":226},"15":{"name":"getDeviceLogs","decl":{"start":{"line":239,"column":22},"end":{"line":239,"column":35}},"loc":{"start":{"line":239,"column":75},"end":{"line":245,"column":1}},"line":239},"16":{"name":"getLastDeviceLog","decl":{"start":{"line":252,"column":22},"end":{"line":252,"column":38}},"loc":{"start":{"line":252,"column":88},"end":{"line":258,"column":1}},"line":252},"17":{"name":"updateUserSocketId","decl":{"start":{"line":266,"column":22},"end":{"line":266,"column":40}},"loc":{"start":{"line":266,"column":111},"end":{"line":272,"column":1}},"line":266},"18":{"name":"getUserBySocket","decl":{"start":{"line":279,"column":22},"end":{"line":279,"column":37}},"loc":{"start":{"line":279,"column":84},"end":{"line":285,"column":1}},"line":279},"19":{"name":"getDevice","decl":{"start":{"line":292,"column":22},"end":{"line":292,"column":31}},"loc":{"start":{"line":292,"column":78},"end":{"line":298,"column":1}},"line":292},"20":{"name":"getDeviceThing","decl":{"start":{"line":305,"column":22},"end":{"line":305,"column":36}},"loc":{"start":{"line":305,"column":85},"end":{"line":311,"column":1}},"line":305},"21":{"name":"updatePresenceConnection","decl":{"start":{"line":319,"column":22},"end":{"line":319,"column":46}},"loc":{"start":{"line":319,"column":124},"end":{"line":325,"column":1}},"line":319}},"branchMap":{},"s":{"0":2,"1":2,"2":1,"3":1,"4":2,"5":2,"6":9,"7":9,"8":1,"9":1,"10":1,"11":1,"12":1,"13":1,"14":1,"15":1,"16":1,"17":1,"18":1,"19":1,"20":1,"21":1,"22":1,"23":1,"24":1,"25":4,"26":4,"27":1,"28":1,"29":1,"30":1,"31":1,"32":1,"33":1,"34":1,"35":1,"36":1,"37":1,"38":1,"39":1,"40":1,"41":1,"42":1,"43":1,"44":1,"45":1,"46":1,"47":1},"f":{"0":1,"1":2,"2":9,"3":1,"4":1,"5":1,"6":1,"7":1,"8":1,"9":1,"10":1,"11":4,"12":1,"13":1,"14":1,"15":1,"16":1,"17":1,"18":1,"19":1,"20":1,"21":1},"b":{},"_coverageSchema":"1a1c01bbd47fc00a2c39e90264f33305004495a9","hash":"4ff37229c684ad05928d24c37084baa83fde49ec"}
,"C:\\Users\\julie\\OneDrive\\Documents\\Software Engineer Portfolio\\plantpal_server\\src\\Routes\\authRouter.ts": {"path":"C:\\Users\\julie\\OneDrive\\Documents\\Software Engineer Portfolio\\plantpal_server\\src\\Routes\\authRouter.ts","statementMap":{"0":{"start":{"line":30,"column":19},"end":{"line":30,"column":35}},"1":{"start":{"line":41,"column":30},"end":{"line":45,"column":2}},"2":{"start":{"line":56,"column":29},"end":{"line":60,"column":2}},"3":{"start":{"line":68,"column":0},"end":{"line":87,"column":3}},"4":{"start":{"line":69,"column":55},"end":{"line":69,"column":63}},"5":{"start":{"line":70,"column":4},"end":{"line":86,"column":5}},"6":{"start":{"line":71,"column":29},"end":{"line":71,"column":56}},"7":{"start":{"line":72,"column":8},"end":{"line":74,"column":9}},"8":{"start":{"line":73,"column":12},"end":{"line":73,"column":71}},"9":{"start":{"line":76,"column":31},"end":{"line":76,"column":62}},"10":{"start":{"line":77,"column":24},"end":{"line":77,"column":86}},"11":{"start":{"line":79,"column":8},"end":{"line":81,"column":9}},"12":{"start":{"line":80,"column":12},"end":{"line":80,"column":66}},"13":{"start":{"line":83,"column":8},"end":{"line":83,"column":74}},"14":{"start":{"line":85,"column":8},"end":{"line":85,"column":48}},"15":{"start":{"line":95,"column":0},"end":{"line":127,"column":3}},"16":{"start":{"line":96,"column":32},"end":{"line":96,"column":40}},"17":{"start":{"line":97,"column":4},"end":{"line":126,"column":5}},"18":{"start":{"line":98,"column":21},"end":{"line":98,"column":48}},"19":{"start":{"line":99,"column":8},"end":{"line":101,"column":9}},"20":{"start":{"line":100,"column":12},"end":{"line":100,"column":74}},"21":{"start":{"line":103,"column":24},"end":{"line":103,"column":69}},"22":{"start":{"line":104,"column":8},"end":{"line":106,"column":9}},"23":{"start":{"line":105,"column":12},"end":{"line":105,"column":74}},"24":{"start":{"line":108,"column":28},"end":{"line":108,"column":53}},"25":{"start":{"line":109,"column":29},"end":{"line":109,"column":61}},"26":{"start":{"line":110,"column":28},"end":{"line":110,"column":67}},"27":{"start":{"line":112,"column":8},"end":{"line":114,"column":9}},"28":{"start":{"line":113,"column":12},"end":{"line":113,"column":74}},"29":{"start":{"line":116,"column":8},"end":{"line":121,"column":11}},"30":{"start":{"line":123,"column":8},"end":{"line":123,"column":135}},"31":{"start":{"line":125,"column":8},"end":{"line":125,"column":48}},"32":{"start":{"line":135,"column":0},"end":{"line":156,"column":3}},"33":{"start":{"line":136,"column":45},"end":{"line":136,"column":53}},"34":{"start":{"line":137,"column":4},"end":{"line":155,"column":5}},"35":{"start":{"line":139,"column":8},"end":{"line":141,"column":9}},"36":{"start":{"line":140,"column":12},"end":{"line":140,"column":68}},"37":{"start":{"line":143,"column":28},"end":{"line":143,"column":91}},"38":{"start":{"line":145,"column":8},"end":{"line":150,"column":9}},"39":{"start":{"line":149,"column":12},"end":{"line":149,"column":68}},"40":{"start":{"line":152,"column":8},"end":{"line":152,"column":130}},"41":{"start":{"line":154,"column":8},"end":{"line":154,"column":48}},"42":{"start":{"line":164,"column":0},"end":{"line":198,"column":3}},"43":{"start":{"line":165,"column":25},"end":{"line":165,"column":49}},"44":{"start":{"line":167,"column":4},"end":{"line":169,"column":5}},"45":{"start":{"line":168,"column":8},"end":{"line":168,"column":82}},"46":{"start":{"line":171,"column":4},"end":{"line":197,"column":5}},"47":{"start":{"line":173,"column":24},"end":{"line":173,"column":98}},"48":{"start":{"line":175,"column":8},"end":{"line":177,"column":9}},"49":{"start":{"line":176,"column":12},"end":{"line":176,"column":64}},"50":{"start":{"line":179,"column":24},"end":{"line":179,"column":65}},"51":{"start":{"line":181,"column":21},"end":{"line":181,"column":47}},"52":{"start":{"line":183,"column":8},"end":{"line":185,"column":9}},"53":{"start":{"line":184,"column":12},"end":{"line":184,"column":86}},"54":{"start":{"line":187,"column":24},"end":{"line":187,"column":78}},"55":{"start":{"line":188,"column":8},"end":{"line":190,"column":9}},"56":{"start":{"line":189,"column":12},"end":{"line":189,"column":86}},"57":{"start":{"line":192,"column":28},"end":{"line":192,"column":53}},"58":{"start":{"line":193,"column":8},"end":{"line":193,"column":72}},"59":{"start":{"line":196,"column":8},"end":{"line":196,"column":48}},"60":{"start":{"line":206,"column":0},"end":{"line":238,"column":3}},"61":{"start":{"line":207,"column":22},"end":{"line":207,"column":30}},"62":{"start":{"line":209,"column":4},"end":{"line":236,"column":5}},"63":{"start":{"line":210,"column":22},"end":{"line":210,"column":49}},"64":{"start":{"line":212,"column":8},"end":{"line":214,"column":9}},"65":{"start":{"line":213,"column":12},"end":{"line":213,"column":86}},"66":{"start":{"line":216,"column":27},"end":{"line":216,"column":57}},"67":{"start":{"line":218,"column":25},"end":{"line":218,"column":113}},"68":{"start":{"line":220,"column":28},"end":{"line":228,"column":9}},"69":{"start":{"line":230,"column":8},"end":{"line":230,"column":37}},"70":{"start":{"line":232,"column":8},"end":{"line":232,"column":75}},"71":{"start":{"line":235,"column":8},"end":{"line":235,"column":48}},"72":{"start":{"line":246,"column":0},"end":{"line":291,"column":3}},"73":{"start":{"line":247,"column":46},"end":{"line":247,"column":54}},"74":{"start":{"line":248,"column":25},"end":{"line":248,"column":56}},"75":{"start":{"line":250,"column":4},"end":{"line":290,"column":5}},"76":{"start":{"line":252,"column":52},"end":{"line":252,"column":75}},"77":{"start":{"line":253,"column":8},"end":{"line":255,"column":9}},"78":{"start":{"line":254,"column":12},"end":{"line":254,"column":67}},"79":{"start":{"line":257,"column":21},"end":{"line":257,"column":47}},"80":{"start":{"line":258,"column":8},"end":{"line":260,"column":9}},"81":{"start":{"line":259,"column":12},"end":{"line":259,"column":67}},"82":{"start":{"line":262,"column":42},"end":{"line":262,"column":85}},"83":{"start":{"line":264,"column":24},"end":{"line":264,"column":76}},"84":{"start":{"line":266,"column":8},"end":{"line":268,"column":9}},"85":{"start":{"line":267,"column":12},"end":{"line":267,"column":67}},"86":{"start":{"line":270,"column":31},"end":{"line":270,"column":62}},"87":{"start":{"line":272,"column":8},"end":{"line":272,"column":63}},"88":{"start":{"line":273,"column":8},"end":{"line":273,"column":44}},"89":{"start":{"line":275,"column":24},"end":{"line":275,"column":120}},"90":{"start":{"line":277,"column":28},"end":{"line":282,"column":9}},"91":{"start":{"line":284,"column":8},"end":{"line":284,"column":37}},"92":{"start":{"line":286,"column":8},"end":{"line":286,"column":64}},"93":{"start":{"line":289,"column":8},"end":{"line":289,"column":48}},"94":{"start":{"line":300,"column":0},"end":{"line":303,"column":3}},"95":{"start":{"line":301,"column":18},"end":{"line":301,"column":52}},"96":{"start":{"line":302,"column":4},"end":{"line":302,"column":16}},"97":{"start":{"line":311,"column":0},"end":{"line":313,"column":3}},"98":{"start":{"line":312,"column":4},"end":{"line":312,"column":61}}},"fnMap":{"0":{"name":"(anonymous_0)","decl":{"start":{"line":68,"column":66},"end":{"line":68,"column":67}},"loc":{"start":{"line":68,"column":105},"end":{"line":87,"column":1}},"line":68},"1":{"name":"(anonymous_1)","decl":{"start":{"line":95,"column":60},"end":{"line":95,"column":61}},"loc":{"start":{"line":95,"column":99},"end":{"line":127,"column":1}},"line":95},"2":{"name":"(anonymous_2)","decl":{"start":{"line":135,"column":91},"end":{"line":135,"column":92}},"loc":{"start":{"line":135,"column":141},"end":{"line":156,"column":1}},"line":135},"3":{"name":"(anonymous_3)","decl":{"start":{"line":164,"column":86},"end":{"line":164,"column":87}},"loc":{"start":{"line":164,"column":125},"end":{"line":198,"column":1}},"line":164},"4":{"name":"(anonymous_4)","decl":{"start":{"line":206,"column":101},"end":{"line":206,"column":102}},"loc":{"start":{"line":206,"column":140},"end":{"line":238,"column":1}},"line":206},"5":{"name":"(anonymous_5)","decl":{"start":{"line":246,"column":98},"end":{"line":246,"column":99}},"loc":{"start":{"line":246,"column":137},"end":{"line":291,"column":1}},"line":246},"6":{"name":"(anonymous_6)","decl":{"start":{"line":300,"column":25},"end":{"line":300,"column":26}},"loc":{"start":{"line":300,"column":78},"end":{"line":303,"column":1}},"line":300},"7":{"name":"(anonymous_7)","decl":{"start":{"line":311,"column":24},"end":{"line":311,"column":25}},"loc":{"start":{"line":311,"column":57},"end":{"line":313,"column":1}},"line":311}},"branchMap":{"0":{"loc":{"start":{"line":72,"column":8},"end":{"line":74,"column":9}},"type":"if","locations":[{"start":{"line":72,"column":8},"end":{"line":74,"column":9}},{"start":{},"end":{}}],"line":72},"1":{"loc":{"start":{"line":79,"column":8},"end":{"line":81,"column":9}},"type":"if","locations":[{"start":{"line":79,"column":8},"end":{"line":81,"column":9}},{"start":{},"end":{}}],"line":79},"2":{"loc":{"start":{"line":99,"column":8},"end":{"line":101,"column":9}},"type":"if","locations":[{"start":{"line":99,"column":8},"end":{"line":101,"column":9}},{"start":{},"end":{}}],"line":99},"3":{"loc":{"start":{"line":104,"column":8},"end":{"line":106,"column":9}},"type":"if","locations":[{"start":{"line":104,"column":8},"end":{"line":106,"column":9}},{"start":{},"end":{}}],"line":104},"4":{"loc":{"start":{"line":112,"column":8},"end":{"line":114,"column":9}},"type":"if","locations":[{"start":{"line":112,"column":8},"end":{"line":114,"column":9}},{"start":{},"end":{}}],"line":112},"5":{"loc":{"start":{"line":139,"column":8},"end":{"line":141,"column":9}},"type":"if","locations":[{"start":{"line":139,"column":8},"end":{"line":141,"column":9}},{"start":{},"end":{}}],"line":139},"6":{"loc":{"start":{"line":145,"column":8},"end":{"line":150,"column":9}},"type":"if","locations":[{"start":{"line":145,"column":8},"end":{"line":150,"column":9}},{"start":{},"end":{}}],"line":145},"7":{"loc":{"start":{"line":145,"column":12},"end":{"line":148,"column":39}},"type":"binary-expr","locations":[{"start":{"line":145,"column":12},"end":{"line":145,"column":24}},{"start":{"line":146,"column":12},"end":{"line":146,"column":49}},{"start":{"line":147,"column":12},"end":{"line":147,"column":47}},{"start":{"line":148,"column":12},"end":{"line":148,"column":39}}],"line":145},"8":{"loc":{"start":{"line":167,"column":4},"end":{"line":169,"column":5}},"type":"if","locations":[{"start":{"line":167,"column":4},"end":{"line":169,"column":5}},{"start":{},"end":{}}],"line":167},"9":{"loc":{"start":{"line":175,"column":8},"end":{"line":177,"column":9}},"type":"if","locations":[{"start":{"line":175,"column":8},"end":{"line":177,"column":9}},{"start":{},"end":{}}],"line":175},"10":{"loc":{"start":{"line":175,"column":12},"end":{"line":175,"column":66}},"type":"binary-expr","locations":[{"start":{"line":175,"column":12},"end":{"line":175,"column":39}},{"start":{"line":175,"column":43},"end":{"line":175,"column":66}}],"line":175},"11":{"loc":{"start":{"line":183,"column":8},"end":{"line":185,"column":9}},"type":"if","locations":[{"start":{"line":183,"column":8},"end":{"line":185,"column":9}},{"start":{},"end":{}}],"line":183},"12":{"loc":{"start":{"line":183,"column":12},"end":{"line":183,"column":40}},"type":"binary-expr","locations":[{"start":{"line":183,"column":12},"end":{"line":183,"column":17}},{"start":{"line":183,"column":21},"end":{"line":183,"column":40}}],"line":183},"13":{"loc":{"start":{"line":188,"column":8},"end":{"line":190,"column":9}},"type":"if","locations":[{"start":{"line":188,"column":8},"end":{"line":190,"column":9}},{"start":{},"end":{}}],"line":188},"14":{"loc":{"start":{"line":212,"column":8},"end":{"line":214,"column":9}},"type":"if","locations":[{"start":{"line":212,"column":8},"end":{"line":214,"column":9}},{"start":{},"end":{}}],"line":212},"15":{"loc":{"start":{"line":253,"column":8},"end":{"line":255,"column":9}},"type":"if","locations":[{"start":{"line":253,"column":8},"end":{"line":255,"column":9}},{"start":{},"end":{}}],"line":253},"16":{"loc":{"start":{"line":253,"column":12},"end":{"line":253,"column":49}},"type":"binary-expr","locations":[{"start":{"line":253,"column":12},"end":{"line":253,"column":28}},{"start":{"line":253,"column":32},"end":{"line":253,"column":49}}],"line":253},"17":{"loc":{"start":{"line":258,"column":8},"end":{"line":260,"column":9}},"type":"if","locations":[{"start":{"line":258,"column":8},"end":{"line":260,"column":9}},{"start":{},"end":{}}],"line":258},"18":{"loc":{"start":{"line":258,"column":12},"end":{"line":258,"column":66}},"type":"binary-expr","locations":[{"start":{"line":258,"column":12},"end":{"line":258,"column":17}},{"start":{"line":258,"column":21},"end":{"line":258,"column":38}},{"start":{"line":258,"column":42},"end":{"line":258,"column":66}}],"line":258},"19":{"loc":{"start":{"line":266,"column":8},"end":{"line":268,"column":9}},"type":"if","locations":[{"start":{"line":266,"column":8},"end":{"line":268,"column":9}},{"start":{},"end":{}}],"line":266},"20":{"loc":{"start":{"line":266,"column":12},"end":{"line":266,"column":62}},"type":"binary-expr","locations":[{"start":{"line":266,"column":12},"end":{"line":266,"column":20}},{"start":{"line":266,"column":24},"end":{"line":266,"column":62}}],"line":266}},"s":{"0":3,"1":3,"2":3,"3":3,"4":2,"5":2,"6":2,"7":2,"8":1,"9":1,"10":1,"11":1,"12":0,"13":1,"14":1,"15":3,"16":3,"17":3,"18":3,"19":3,"20":1,"21":2,"22":2,"23":1,"24":1,"25":1,"26":1,"27":1,"28":0,"29":1,"30":1,"31":2,"32":3,"33":3,"34":3,"35":3,"36":1,"37":2,"38":2,"39":1,"40":1,"41":2,"42":3,"43":3,"44":3,"45":0,"46":3,"47":3,"48":3,"49":0,"50":3,"51":3,"52":3,"53":1,"54":2,"55":2,"56":1,"57":1,"58":1,"59":2,"60":3,"61":2,"62":2,"63":2,"64":2,"65":1,"66":1,"67":1,"68":1,"69":1,"70":1,"71":0,"72":3,"73":3,"74":3,"75":3,"76":3,"77":3,"78":2,"79":1,"80":1,"81":0,"82":1,"83":1,"84":1,"85":0,"86":1,"87":1,"88":1,"89":1,"90":1,"91":1,"92":1,"93":2,"94":3,"95":1,"96":1,"97":3,"98":1},"f":{"0":2,"1":3,"2":3,"3":3,"4":2,"5":3,"6":1,"7":1},"b":{"0":[1,1],"1":[0,1],"2":[1,2],"3":[1,1],"4":[0,1],"5":[1,2],"6":[1,1],"7":[2,2,1,1],"8":[0,3],"9":[0,3],"10":[3,3],"11":[1,2],"12":[3,2],"13":[1,1],"14":[1,1],"15":[2,1],"16":[3,3],"17":[0,1],"18":[1,1,1],"19":[0,1],"20":[1,1]},"_coverageSchema":"1a1c01bbd47fc00a2c39e90264f33305004495a9","hash":"d12e8e4449d0cd3deb285de23d57c128d1d9327d"}
,"C:\\Users\\julie\\OneDrive\\Documents\\Software Engineer Portfolio\\plantpal_server\\src\\Routes\\dashboardRouter.ts": {"path":"C:\\Users\\julie\\OneDrive\\Documents\\Software Engineer Portfolio\\plantpal_server\\src\\Routes\\dashboardRouter.ts","statementMap":{"0":{"start":{"line":32,"column":24},"end":{"line":32,"column":40}},"1":{"start":{"line":41,"column":0},"end":{"line":52,"column":3}},"2":{"start":{"line":42,"column":4},"end":{"line":51,"column":5}},"3":{"start":{"line":43,"column":8},"end":{"line":45,"column":9}},"4":{"start":{"line":44,"column":12},"end":{"line":44,"column":71}},"5":{"start":{"line":47,"column":24},"end":{"line":47,"column":57}},"6":{"start":{"line":48,"column":8},"end":{"line":48,"column":76}},"7":{"start":{"line":50,"column":8},"end":{"line":50,"column":48}},"8":{"start":{"line":61,"column":0},"end":{"line":71,"column":3}},"9":{"start":{"line":62,"column":20},"end":{"line":62,"column":47}},"10":{"start":{"line":64,"column":4},"end":{"line":70,"column":5}},"11":{"start":{"line":65,"column":27},"end":{"line":65,"column":55}},"12":{"start":{"line":66,"column":24},"end":{"line":66,"column":55}},"13":{"start":{"line":67,"column":8},"end":{"line":67,"column":105}},"14":{"start":{"line":69,"column":8},"end":{"line":69,"column":48}},"15":{"start":{"line":80,"column":0},"end":{"line":103,"column":3}},"16":{"start":{"line":81,"column":60},"end":{"line":81,"column":68}},"17":{"start":{"line":83,"column":4},"end":{"line":102,"column":5}},"18":{"start":{"line":84,"column":8},"end":{"line":86,"column":9}},"19":{"start":{"line":85,"column":12},"end":{"line":85,"column":71}},"20":{"start":{"line":88,"column":31},"end":{"line":88,"column":62}},"21":{"start":{"line":89,"column":8},"end":{"line":91,"column":9}},"22":{"start":{"line":90,"column":12},"end":{"line":90,"column":80}},"23":{"start":{"line":93,"column":25},"end":{"line":93,"column":47}},"24":{"start":{"line":94,"column":26},"end":{"line":94,"column":153}},"25":{"start":{"line":95,"column":8},"end":{"line":97,"column":9}},"26":{"start":{"line":96,"column":12},"end":{"line":96,"column":69}},"27":{"start":{"line":99,"column":8},"end":{"line":99,"column":131}},"28":{"start":{"line":101,"column":8},"end":{"line":101,"column":48}},"29":{"start":{"line":112,"column":0},"end":{"line":126,"column":3}},"30":{"start":{"line":113,"column":52},"end":{"line":113,"column":60}},"31":{"start":{"line":115,"column":4},"end":{"line":125,"column":5}},"32":{"start":{"line":116,"column":25},"end":{"line":116,"column":47}},"33":{"start":{"line":117,"column":30},"end":{"line":117,"column":105}},"34":{"start":{"line":118,"column":8},"end":{"line":120,"column":9}},"35":{"start":{"line":119,"column":12},"end":{"line":119,"column":73}},"36":{"start":{"line":122,"column":8},"end":{"line":122,"column":73}},"37":{"start":{"line":124,"column":8},"end":{"line":124,"column":48}},"38":{"start":{"line":135,"column":0},"end":{"line":157,"column":3}},"39":{"start":{"line":136,"column":36},"end":{"line":136,"column":44}},"40":{"start":{"line":138,"column":25},"end":{"line":140,"column":5}},"41":{"start":{"line":142,"column":4},"end":{"line":156,"column":5}},"42":{"start":{"line":144,"column":23},"end":{"line":144,"column":53}},"43":{"start":{"line":146,"column":8},"end":{"line":148,"column":9}},"44":{"start":{"line":147,"column":12},"end":{"line":147,"column":69}},"45":{"start":{"line":150,"column":8},"end":{"line":150,"column":66}},"46":{"start":{"line":152,"column":8},"end":{"line":152,"column":70}},"47":{"start":{"line":155,"column":8},"end":{"line":155,"column":48}},"48":{"start":{"line":166,"column":0},"end":{"line":182,"column":3}},"49":{"start":{"line":167,"column":38},"end":{"line":167,"column":46}},"50":{"start":{"line":169,"column":4},"end":{"line":181,"column":5}},"51":{"start":{"line":171,"column":27},"end":{"line":171,"column":58}},"52":{"start":{"line":173,"column":8},"end":{"line":175,"column":9}},"53":{"start":{"line":174,"column":12},"end":{"line":174,"column":69}},"54":{"start":{"line":177,"column":8},"end":{"line":177,"column":137}},"55":{"start":{"line":178,"column":8},"end":{"line":178,"column":64}},"56":{"start":{"line":180,"column":8},"end":{"line":180,"column":48}},"57":{"start":{"line":191,"column":0},"end":{"line":213,"column":3}},"58":{"start":{"line":192,"column":46},"end":{"line":192,"column":54}},"59":{"start":{"line":194,"column":4},"end":{"line":212,"column":5}},"60":{"start":{"line":196,"column":27},"end":{"line":196,"column":58}},"61":{"start":{"line":198,"column":8},"end":{"line":200,"column":9}},"62":{"start":{"line":199,"column":12},"end":{"line":199,"column":68}},"63":{"start":{"line":202,"column":30},"end":{"line":202,"column":101}},"64":{"start":{"line":204,"column":8},"end":{"line":206,"column":9}},"65":{"start":{"line":205,"column":12},"end":{"line":205,"column":85}},"66":{"start":{"line":208,"column":8},"end":{"line":208,"column":164}},"67":{"start":{"line":209,"column":8},"end":{"line":209,"column":70}},"68":{"start":{"line":211,"column":8},"end":{"line":211,"column":48}},"69":{"start":{"line":222,"column":0},"end":{"line":244,"column":3}},"70":{"start":{"line":224,"column":38},"end":{"line":224,"column":46}},"71":{"start":{"line":226,"column":25},"end":{"line":228,"column":5}},"72":{"start":{"line":230,"column":4},"end":{"line":243,"column":5}},"73":{"start":{"line":231,"column":23},"end":{"line":231,"column":53}},"74":{"start":{"line":233,"column":8},"end":{"line":235,"column":9}},"75":{"start":{"line":234,"column":12},"end":{"line":234,"column":69}},"76":{"start":{"line":237,"column":8},"end":{"line":237,"column":65}},"77":{"start":{"line":239,"column":8},"end":{"line":239,"column":70}},"78":{"start":{"line":242,"column":8},"end":{"line":242,"column":48}},"79":{"start":{"line":253,"column":0},"end":{"line":282,"column":3}},"80":{"start":{"line":254,"column":37},"end":{"line":254,"column":45}},"81":{"start":{"line":256,"column":4},"end":{"line":281,"column":5}},"82":{"start":{"line":258,"column":29},"end":{"line":260,"column":9}},"83":{"start":{"line":262,"column":30},"end":{"line":264,"column":9}},"84":{"start":{"line":266,"column":27},"end":{"line":266,"column":58}},"85":{"start":{"line":268,"column":8},"end":{"line":270,"column":9}},"86":{"start":{"line":269,"column":12},"end":{"line":269,"column":69}},"87":{"start":{"line":272,"column":8},"end":{"line":272,"column":142}},"88":{"start":{"line":274,"column":8},"end":{"line":276,"column":9}},"89":{"start":{"line":275,"column":12},"end":{"line":275,"column":76}},"90":{"start":{"line":278,"column":8},"end":{"line":278,"column":70}},"91":{"start":{"line":280,"column":8},"end":{"line":280,"column":48}},"92":{"start":{"line":291,"column":0},"end":{"line":305,"column":3}},"93":{"start":{"line":292,"column":22},"end":{"line":292,"column":51}},"94":{"start":{"line":294,"column":4},"end":{"line":304,"column":5}},"95":{"start":{"line":295,"column":29},"end":{"line":295,"column":61}},"96":{"start":{"line":297,"column":8},"end":{"line":299,"column":9}},"97":{"start":{"line":298,"column":12},"end":{"line":298,"column":70}},"98":{"start":{"line":301,"column":8},"end":{"line":301,"column":145}},"99":{"start":{"line":303,"column":8},"end":{"line":303,"column":48}},"100":{"start":{"line":313,"column":0},"end":{"line":315,"column":3}},"101":{"start":{"line":314,"column":4},"end":{"line":314,"column":66}}},"fnMap":{"0":{"name":"(anonymous_0)","decl":{"start":{"line":41,"column":57},"end":{"line":41,"column":58}},"loc":{"start":{"line":41,"column":107},"end":{"line":52,"column":1}},"line":41},"1":{"name":"(anonymous_1)","decl":{"start":{"line":61,"column":95},"end":{"line":61,"column":96}},"loc":{"start":{"line":61,"column":134},"end":{"line":71,"column":1}},"line":61},"2":{"name":"(anonymous_2)","decl":{"start":{"line":80,"column":94},"end":{"line":80,"column":95}},"loc":{"start":{"line":80,"column":144},"end":{"line":103,"column":1}},"line":80},"3":{"name":"(anonymous_3)","decl":{"start":{"line":112,"column":96},"end":{"line":112,"column":97}},"loc":{"start":{"line":112,"column":135},"end":{"line":126,"column":1}},"line":112},"4":{"name":"(anonymous_4)","decl":{"start":{"line":135,"column":96},"end":{"line":135,"column":97}},"loc":{"start":{"line":135,"column":135},"end":{"line":157,"column":1}},"line":135},"5":{"name":"(anonymous_5)","decl":{"start":{"line":166,"column":87},"end":{"line":166,"column":88}},"loc":{"start":{"line":166,"column":126},"end":{"line":182,"column":1}},"line":166},"6":{"name":"(anonymous_6)","decl":{"start":{"line":191,"column":103},"end":{"line":191,"column":104}},"loc":{"start":{"line":191,"column":142},"end":{"line":213,"column":1}},"line":191},"7":{"name":"(anonymous_7)","decl":{"start":{"line":222,"column":85},"end":{"line":222,"column":86}},"loc":{"start":{"line":222,"column":124},"end":{"line":244,"column":1}},"line":222},"8":{"name":"(anonymous_8)","decl":{"start":{"line":253,"column":97},"end":{"line":253,"column":98}},"loc":{"start":{"line":253,"column":136},"end":{"line":282,"column":1}},"line":253},"9":{"name":"(anonymous_9)","decl":{"start":{"line":291,"column":99},"end":{"line":291,"column":100}},"loc":{"start":{"line":291,"column":138},"end":{"line":305,"column":1}},"line":291},"10":{"name":"(anonymous_10)","decl":{"start":{"line":313,"column":29},"end":{"line":313,"column":30}},"loc":{"start":{"line":313,"column":62},"end":{"line":315,"column":1}},"line":313}},"branchMap":{"0":{"loc":{"start":{"line":43,"column":8},"end":{"line":45,"column":9}},"type":"if","locations":[{"start":{"line":43,"column":8},"end":{"line":45,"column":9}},{"start":{},"end":{}}],"line":43},"1":{"loc":{"start":{"line":67,"column":78},"end":{"line":67,"column":94}},"type":"binary-expr","locations":[{"start":{"line":67,"column":78},"end":{"line":67,"column":88}},{"start":{"line":67,"column":92},"end":{"line":67,"column":94}}],"line":67},"2":{"loc":{"start":{"line":84,"column":8},"end":{"line":86,"column":9}},"type":"if","locations":[{"start":{"line":84,"column":8},"end":{"line":86,"column":9}},{"start":{},"end":{}}],"line":84},"3":{"loc":{"start":{"line":89,"column":8},"end":{"line":91,"column":9}},"type":"if","locations":[{"start":{"line":89,"column":8},"end":{"line":91,"column":9}},{"start":{},"end":{}}],"line":89},"4":{"loc":{"start":{"line":95,"column":8},"end":{"line":97,"column":9}},"type":"if","locations":[{"start":{"line":95,"column":8},"end":{"line":97,"column":9}},{"start":{},"end":{}}],"line":95},"5":{"loc":{"start":{"line":118,"column":8},"end":{"line":120,"column":9}},"type":"if","locations":[{"start":{"line":118,"column":8},"end":{"line":120,"column":9}},{"start":{},"end":{}}],"line":118},"6":{"loc":{"start":{"line":118,"column":12},"end":{"line":118,"column":78}},"type":"binary-expr","locations":[{"start":{"line":118,"column":12},"end":{"line":118,"column":26}},{"start":{"line":118,"column":30},"end":{"line":118,"column":78}}],"line":118},"7":{"loc":{"start":{"line":146,"column":8},"end":{"line":148,"column":9}},"type":"if","locations":[{"start":{"line":146,"column":8},"end":{"line":148,"column":9}},{"start":{},"end":{}}],"line":146},"8":{"loc":{"start":{"line":173,"column":8},"end":{"line":175,"column":9}},"type":"if","locations":[{"start":{"line":173,"column":8},"end":{"line":175,"column":9}},{"start":{},"end":{}}],"line":173},"9":{"loc":{"start":{"line":198,"column":8},"end":{"line":200,"column":9}},"type":"if","locations":[{"start":{"line":198,"column":8},"end":{"line":200,"column":9}},{"start":{},"end":{}}],"line":198},"10":{"loc":{"start":{"line":204,"column":8},"end":{"line":206,"column":9}},"type":"if","locations":[{"start":{"line":204,"column":8},"end":{"line":206,"column":9}},{"start":{},"end":{}}],"line":204},"11":{"loc":{"start":{"line":204,"column":12},"end":{"line":204,"column":95}},"type":"binary-expr","locations":[{"start":{"line":204,"column":12},"end":{"line":204,"column":26}},{"start":{"line":204,"column":30},"end":{"line":204,"column":95}}],"line":204},"12":{"loc":{"start":{"line":233,"column":8},"end":{"line":235,"column":9}},"type":"if","locations":[{"start":{"line":233,"column":8},"end":{"line":235,"column":9}},{"start":{},"end":{}}],"line":233},"13":{"loc":{"start":{"line":268,"column":8},"end":{"line":270,"column":9}},"type":"if","locations":[{"start":{"line":268,"column":8},"end":{"line":270,"column":9}},{"start":{},"end":{}}],"line":268},"14":{"loc":{"start":{"line":274,"column":8},"end":{"line":276,"column":9}},"type":"if","locations":[{"start":{"line":274,"column":8},"end":{"line":276,"column":9}},{"start":{},"end":{}}],"line":274},"15":{"loc":{"start":{"line":297,"column":8},"end":{"line":299,"column":9}},"type":"if","locations":[{"start":{"line":297,"column":8},"end":{"line":299,"column":9}},{"start":{},"end":{}}],"line":297}},"s":{"0":3,"1":3,"2":1,"3":1,"4":0,"5":1,"6":1,"7":0,"8":3,"9":1,"10":1,"11":1,"12":1,"13":1,"14":0,"15":3,"16":3,"17":3,"18":3,"19":0,"20":3,"21":3,"22":1,"23":2,"24":2,"25":2,"26":1,"27":1,"28":2,"29":3,"30":2,"31":2,"32":2,"33":2,"34":2,"35":1,"36":1,"37":1,"38":3,"39":3,"40":3,"41":3,"42":3,"43":3,"44":1,"45":2,"46":1,"47":2,"48":3,"49":3,"50":3,"51":3,"52":3,"53":1,"54":2,"55":1,"56":2,"57":3,"58":3,"59":3,"60":3,"61":3,"62":1,"63":2,"64":2,"65":0,"66":2,"67":1,"68":2,"69":3,"70":3,"71":3,"72":3,"73":3,"74":3,"75":1,"76":2,"77":1,"78":2,"79":3,"80":4,"81":4,"82":4,"83":4,"84":4,"85":4,"86":1,"87":3,"88":2,"89":2,"90":1,"91":3,"92":3,"93":2,"94":2,"95":2,"96":1,"97":0,"98":1,"99":1,"100":3,"101":1},"f":{"0":1,"1":1,"2":3,"3":2,"4":3,"5":3,"6":3,"7":3,"8":4,"9":2,"10":1},"b":{"0":[0,1],"1":[1,0],"2":[0,3],"3":[1,2],"4":[1,1],"5":[1,1],"6":[2,1],"7":[1,2],"8":[1,2],"9":[1,2],"10":[0,2],"11":[2,2],"12":[1,2],"13":[1,3],"14":[2,0],"15":[0,1]},"_coverageSchema":"1a1c01bbd47fc00a2c39e90264f33305004495a9","hash":"3eb16a8d8eabce9d98baf04b38403f966c3e2a31"}
,"C:\\Users\\julie\\OneDrive\\Documents\\Software Engineer Portfolio\\plantpal_server\\src\\sockets\\index.ts": {"path":"C:\\Users\\julie\\OneDrive\\Documents\\Software Engineer Portfolio\\plantpal_server\\src\\sockets\\index.ts","statementMap":{"0":{"start":{"line":17,"column":2},"end":{"line":23,"column":5}},"1":{"start":{"line":34,"column":28},"end":{"line":63,"column":1}},"2":{"start":{"line":36,"column":21},"end":{"line":36,"column":48}},"3":{"start":{"line":38,"column":2},"end":{"line":40,"column":3}},"4":{"start":{"line":39,"column":4},"end":{"line":39,"column":63}},"5":{"start":{"line":44,"column":2},"end":{"line":48,"column":3}},"6":{"start":{"line":45,"column":4},"end":{"line":45,"column":43}},"7":{"start":{"line":47,"column":4},"end":{"line":47,"column":28}},"8":{"start":{"line":50,"column":2},"end":{"line":61,"column":3}},"9":{"start":{"line":51,"column":20},"end":{"line":51,"column":92}},"10":{"start":{"line":52,"column":4},"end":{"line":57,"column":5}},"11":{"start":{"line":53,"column":8},"end":{"line":53,"column":67}},"12":{"start":{"line":54,"column":8},"end":{"line":54,"column":15}},"13":{"start":{"line":56,"column":6},"end":{"line":56,"column":65}},"14":{"start":{"line":60,"column":4},"end":{"line":60,"column":63}},"15":{"start":{"line":72,"column":2},"end":{"line":74,"column":3}},"16":{"start":{"line":73,"column":4},"end":{"line":73,"column":59}},"17":{"start":{"line":76,"column":2},"end":{"line":78,"column":5}},"18":{"start":{"line":77,"column":4},"end":{"line":77,"column":38}},"19":{"start":{"line":80,"column":2},"end":{"line":87,"column":5}},"20":{"start":{"line":82,"column":4},"end":{"line":82,"column":26}},"21":{"start":{"line":83,"column":4},"end":{"line":83,"column":29}},"22":{"start":{"line":84,"column":4},"end":{"line":84,"column":29}},"23":{"start":{"line":85,"column":4},"end":{"line":85,"column":30}},"24":{"start":{"line":97,"column":2},"end":{"line":114,"column":5}},"25":{"start":{"line":98,"column":4},"end":{"line":113,"column":5}},"26":{"start":{"line":99,"column":17},"end":{"line":99,"column":43}},"27":{"start":{"line":101,"column":6},"end":{"line":103,"column":7}},"28":{"start":{"line":102,"column":8},"end":{"line":102,"column":47}},"29":{"start":{"line":105,"column":6},"end":{"line":107,"column":7}},"30":{"start":{"line":106,"column":8},"end":{"line":106,"column":60}},"31":{"start":{"line":109,"column":6},"end":{"line":109,"column":38}},"32":{"start":{"line":110,"column":6},"end":{"line":110,"column":78}},"33":{"start":{"line":112,"column":6},"end":{"line":112,"column":71}},"34":{"start":{"line":124,"column":2},"end":{"line":140,"column":5}},"35":{"start":{"line":125,"column":4},"end":{"line":139,"column":5}},"36":{"start":{"line":126,"column":17},"end":{"line":126,"column":43}},"37":{"start":{"line":128,"column":6},"end":{"line":130,"column":7}},"38":{"start":{"line":129,"column":8},"end":{"line":129,"column":47}},"39":{"start":{"line":132,"column":6},"end":{"line":134,"column":7}},"40":{"start":{"line":133,"column":8},"end":{"line":133,"column":48}},"41":{"start":{"line":136,"column":6},"end":{"line":136,"column":101}},"42":{"start":{"line":138,"column":6},"end":{"line":138,"column":71}},"43":{"start":{"line":150,"column":2},"end":{"line":160,"column":5}},"44":{"start":{"line":151,"column":4},"end":{"line":159,"column":5}},"45":{"start":{"line":152,"column":17},"end":{"line":152,"column":49}},"46":{"start":{"line":154,"column":6},"end":{"line":156,"column":7}},"47":{"start":{"line":155,"column":8},"end":{"line":155,"column":53}},"48":{"start":{"line":158,"column":6},"end":{"line":158,"column":55}},"49":{"start":{"line":170,"column":2},"end":{"line":189,"column":5}},"50":{"start":{"line":171,"column":4},"end":{"line":188,"column":5}},"51":{"start":{"line":172,"column":17},"end":{"line":172,"column":43}},"52":{"start":{"line":174,"column":6},"end":{"line":177,"column":7}},"53":{"start":{"line":175,"column":8},"end":{"line":175,"column":68}},"54":{"start":{"line":176,"column":8},"end":{"line":176,"column":15}},"55":{"start":{"line":179,"column":6},"end":{"line":183,"column":7}},"56":{"start":{"line":180,"column":8},"end":{"line":180,"column":53}},"57":{"start":{"line":181,"column":8},"end":{"line":181,"column":68}},"58":{"start":{"line":182,"column":8},"end":{"line":182,"column":15}},"59":{"start":{"line":185,"column":6},"end":{"line":185,"column":68}},"60":{"start":{"line":187,"column":6},"end":{"line":187,"column":71}},"61":{"start":{"line":199,"column":2},"end":{"line":201,"column":3}},"62":{"start":{"line":200,"column":4},"end":{"line":200,"column":59}},"63":{"start":{"line":202,"column":2},"end":{"line":202,"column":12}},"64":{"start":{"line":215,"column":2},"end":{"line":217,"column":3}},"65":{"start":{"line":216,"column":4},"end":{"line":216,"column":59}},"66":{"start":{"line":219,"column":2},"end":{"line":229,"column":3}},"67":{"start":{"line":220,"column":17},"end":{"line":220,"column":43}},"68":{"start":{"line":222,"column":4},"end":{"line":224,"column":5}},"69":{"start":{"line":223,"column":6},"end":{"line":223,"column":58}},"70":{"start":{"line":226,"column":4},"end":{"line":226,"column":48}},"71":{"start":{"line":228,"column":4},"end":{"line":228,"column":57}}},"fnMap":{"0":{"name":"initSocket","decl":{"start":{"line":16,"column":9},"end":{"line":16,"column":19}},"loc":{"start":{"line":16,"column":39},"end":{"line":24,"column":1}},"line":16},"1":{"name":"(anonymous_1)","decl":{"start":{"line":34,"column":28},"end":{"line":34,"column":29}},"loc":{"start":{"line":34,"column":109},"end":{"line":63,"column":1}},"line":34},"2":{"name":"connectSocket","decl":{"start":{"line":71,"column":9},"end":{"line":71,"column":22}},"loc":{"start":{"line":71,"column":31},"end":{"line":88,"column":1}},"line":71},"3":{"name":"(anonymous_3)","decl":{"start":{"line":76,"column":9},"end":{"line":76,"column":10}},"loc":{"start":{"line":76,"column":69},"end":{"line":78,"column":3}},"line":76},"4":{"name":"(anonymous_4)","decl":{"start":{"line":80,"column":22},"end":{"line":80,"column":23}},"loc":{"start":{"line":80,"column":53},"end":{"line":87,"column":3}},"line":80},"5":{"name":"handleAddUser","decl":{"start":{"line":96,"column":9},"end":{"line":96,"column":22}},"loc":{"start":{"line":96,"column":56},"end":{"line":115,"column":1}},"line":96},"6":{"name":"(anonymous_6)","decl":{"start":{"line":97,"column":23},"end":{"line":97,"column":24}},"loc":{"start":{"line":97,"column":98},"end":{"line":114,"column":3}},"line":97},"7":{"name":"handleRemoveUser","decl":{"start":{"line":123,"column":9},"end":{"line":123,"column":25}},"loc":{"start":{"line":123,"column":59},"end":{"line":141,"column":1}},"line":123},"8":{"name":"(anonymous_8)","decl":{"start":{"line":124,"column":26},"end":{"line":124,"column":27}},"loc":{"start":{"line":124,"column":101},"end":{"line":140,"column":3}},"line":124},"9":{"name":"handleDisconnect","decl":{"start":{"line":149,"column":9},"end":{"line":149,"column":25}},"loc":{"start":{"line":149,"column":59},"end":{"line":161,"column":1}},"line":149},"10":{"name":"(anonymous_10)","decl":{"start":{"line":150,"column":26},"end":{"line":150,"column":27}},"loc":{"start":{"line":150,"column":38},"end":{"line":160,"column":3}},"line":150},"11":{"name":"handleCheckSocket","decl":{"start":{"line":169,"column":9},"end":{"line":169,"column":26}},"loc":{"start":{"line":169,"column":60},"end":{"line":190,"column":1}},"line":169},"12":{"name":"(anonymous_12)","decl":{"start":{"line":170,"column":27},"end":{"line":170,"column":28}},"loc":{"start":{"line":170,"column":102},"end":{"line":189,"column":3}},"line":170},"13":{"name":"getIo","decl":{"start":{"line":198,"column":9},"end":{"line":198,"column":14}},"loc":{"start":{"line":198,"column":25},"end":{"line":203,"column":1}},"line":198},"14":{"name":"emitToUser","decl":{"start":{"line":214,"column":15},"end":{"line":214,"column":25}},"loc":{"start":{"line":214,"column":88},"end":{"line":230,"column":1}},"line":214}},"branchMap":{"0":{"loc":{"start":{"line":38,"column":2},"end":{"line":40,"column":3}},"type":"if","locations":[{"start":{"line":38,"column":2},"end":{"line":40,"column":3}},{"start":{},"end":{}}],"line":38},"1":{"loc":{"start":{"line":44,"column":2},"end":{"line":48,"column":3}},"type":"if","locations":[{"start":{"line":44,"column":2},"end":{"line":48,"column":3}},{"start":{"line":46,"column":9},"end":{"line":48,"column":3}}],"line":44},"2":{"loc":{"start":{"line":52,"column":4},"end":{"line":57,"column":5}},"type":"if","locations":[{"start":{"line":52,"column":4},"end":{"line":57,"column":5}},{"start":{"line":55,"column":11},"end":{"line":57,"column":5}}],"line":52},"3":{"loc":{"start":{"line":52,"column":8},"end":{"line":52,"column":59}},"type":"binary-expr","locations":[{"start":{"line":52,"column":8},"end":{"line":52,"column":35}},{"start":{"line":52,"column":39},"end":{"line":52,"column":59}}],"line":52},"4":{"loc":{"start":{"line":72,"column":2},"end":{"line":74,"column":3}},"type":"if","locations":[{"start":{"line":72,"column":2},"end":{"line":74,"column":3}},{"start":{},"end":{}}],"line":72},"5":{"loc":{"start":{"line":101,"column":6},"end":{"line":103,"column":7}},"type":"if","locations":[{"start":{"line":101,"column":6},"end":{"line":103,"column":7}},{"start":{},"end":{}}],"line":101},"6":{"loc":{"start":{"line":105,"column":6},"end":{"line":107,"column":7}},"type":"if","locations":[{"start":{"line":105,"column":6},"end":{"line":107,"column":7}},{"start":{},"end":{}}],"line":105},"7":{"loc":{"start":{"line":128,"column":6},"end":{"line":130,"column":7}},"type":"if","locations":[{"start":{"line":128,"column":6},"end":{"line":130,"column":7}},{"start":{},"end":{}}],"line":128},"8":{"loc":{"start":{"line":132,"column":6},"end":{"line":134,"column":7}},"type":"if","locations":[{"start":{"line":132,"column":6},"end":{"line":134,"column":7}},{"start":{},"end":{}}],"line":132},"9":{"loc":{"start":{"line":154,"column":6},"end":{"line":156,"column":7}},"type":"if","locations":[{"start":{"line":154,"column":6},"end":{"line":156,"column":7}},{"start":{},"end":{}}],"line":154},"10":{"loc":{"start":{"line":174,"column":6},"end":{"line":177,"column":7}},"type":"if","locations":[{"start":{"line":174,"column":6},"end":{"line":177,"column":7}},{"start":{},"end":{}}],"line":174},"11":{"loc":{"start":{"line":179,"column":6},"end":{"line":183,"column":7}},"type":"if","locations":[{"start":{"line":179,"column":6},"end":{"line":183,"column":7}},{"start":{},"end":{}}],"line":179},"12":{"loc":{"start":{"line":199,"column":2},"end":{"line":201,"column":3}},"type":"if","locations":[{"start":{"line":199,"column":2},"end":{"line":201,"column":3}},{"start":{},"end":{}}],"line":199},"13":{"loc":{"start":{"line":215,"column":2},"end":{"line":217,"column":3}},"type":"if","locations":[{"start":{"line":215,"column":2},"end":{"line":217,"column":3}},{"start":{},"end":{}}],"line":215},"14":{"loc":{"start":{"line":222,"column":4},"end":{"line":224,"column":5}},"type":"if","locations":[{"start":{"line":222,"column":4},"end":{"line":224,"column":5}},{"start":{},"end":{}}],"line":222},"15":{"loc":{"start":{"line":222,"column":8},"end":{"line":222,"column":32}},"type":"binary-expr","locations":[{"start":{"line":222,"column":8},"end":{"line":222,"column":13}},{"start":{"line":222,"column":17},"end":{"line":222,"column":32}}],"line":222}},"s":{"0":2,"1":2,"2":2,"3":2,"4":0,"5":2,"6":2,"7":0,"8":2,"9":2,"10":1,"11":1,"12":1,"13":0,"14":1,"15":2,"16":0,"17":2,"18":0,"19":2,"20":0,"21":0,"22":0,"23":0,"24":1,"25":1,"26":1,"27":1,"28":0,"29":1,"30":0,"31":1,"32":1,"33":0,"34":1,"35":1,"36":1,"37":1,"38":0,"39":1,"40":1,"41":1,"42":0,"43":2,"44":2,"45":2,"46":2,"47":1,"48":0,"49":3,"50":3,"51":3,"52":3,"53":1,"54":1,"55":2,"56":1,"57":1,"58":1,"59":1,"60":0,"61":1,"62":0,"63":1,"64":2,"65":0,"66":2,"67":2,"68":2,"69":1,"70":1,"71":1},"f":{"0":2,"1":2,"2":2,"3":0,"4":0,"5":1,"6":1,"7":1,"8":1,"9":2,"10":2,"11":3,"12":3,"13":1,"14":2},"b":{"0":[0,2],"1":[2,0],"2":[1,0],"3":[1,1],"4":[0,2],"5":[0,1],"6":[0,1],"7":[0,1],"8":[1,0],"9":[1,1],"10":[1,2],"11":[1,1],"12":[0,1],"13":[0,2],"14":[1,1],"15":[2,1]},"_coverageSchema":"1a1c01bbd47fc00a2c39e90264f33305004495a9","hash":"881d35125a36a75991bbde0497aa0d549f56fe66"}
}
