TN:
SF:src\app.ts
FN:43,(anonymous_0)
FN:56,(anonymous_1)
FN:65,(anonymous_2)
FNF:3
FNH:3
FNDA:1,(anonymous_0)
FNDA:2,(anonymous_1)
FNDA:2,(anonymous_2)
DA:11,3
DA:12,3
DA:18,3
DA:20,3
DA:24,3
DA:25,3
DA:26,3
DA:27,3
DA:31,3
DA:32,3
DA:34,3
DA:43,3
DA:44,1
DA:45,1
DA:46,1
DA:56,3
DA:57,2
DA:58,2
DA:59,2
DA:64,3
DA:65,3
DA:66,2
LF:22
LH:22
BRDA:57,0,0,2
BRDA:57,0,1,1
BRDA:58,1,0,2
BRDA:58,1,1,0
BRF:4
BRH:3
end_of_record
TN:
SF:src\Helper\callbackManager.ts
FN:12,handleSocketCallback
FN:29,extractErrorMessage
FNF:2
FNH:2
FNDA:2,handleSocketCallback
FNDA:4,extractErrorMessage
DA:13,2
DA:30,4
DA:31,1
DA:33,3
LF:4
LH:4
BRDA:30,0,0,1
BRDA:30,0,1,3
BRF:2
BRH:2
end_of_record
TN:
SF:src\Helper\emailManager.ts
FN:12,sendEmail
FNF:1
FNH:1
FNDA:3,sendEmail
DA:16,3
DA:25,3
DA:33,2
LF:3
LH:3
BRF:0
BRH:0
end_of_record
TN:
SF:src\Helper\errorManager.ts
FN:15,(anonymous_0)
FN:32,(anonymous_1)
FNF:2
FNH:2
FNDA:26,(anonymous_0)
FNDA:32,(anonymous_1)
DA:16,26
DA:17,26
DA:18,26
DA:19,26
DA:32,6
DA:33,32
DA:34,32
DA:36,32
DA:37,1
DA:40,31
LF:10
LH:10
BRDA:33,0,0,32
BRDA:33,0,1,10
BRDA:34,1,0,32
BRDA:34,1,1,1
BRDA:36,2,0,1
BRDA:36,2,1,31
BRF:6
BRH:6
end_of_record
TN:
SF:src\Helper\jwtManager.ts
FN:12,(anonymous_0)
FN:28,(anonymous_1)
FNF:2
FNH:2
FNDA:1,(anonymous_0)
FNDA:3,(anonymous_1)
DA:12,3
DA:13,1
DA:17,1
DA:28,3
DA:29,3
DA:30,3
DA:32,2
DA:33,1
DA:35,1
LF:9
LH:9
BRDA:32,0,0,1
BRDA:32,0,1,1
BRF:2
BRH:2
end_of_record
TN:
SF:src\Helper\myCrypto.ts
FN:13,encrypt
FN:32,decrypt
FNF:2
FNH:2
FNDA:1,encrypt
FNDA:1,decrypt
DA:4,3
DA:5,3
DA:14,1
DA:16,1
DA:18,1
DA:20,1
DA:33,1
DA:35,1
DA:37,1
LF:9
LH:9
BRF:0
BRH:0
end_of_record
TN:
SF:src\Helper\shadowManager.ts
FN:24,(anonymous_0)
FN:57,(anonymous_1)
FNF:2
FNH:2
FNDA:6,(anonymous_0)
FNDA:2,(anonymous_1)
DA:7,3
DA:13,3
DA:24,3
DA:25,6
DA:29,6
DA:30,2
DA:34,6
DA:41,6
DA:42,6
DA:43,3
DA:44,3
DA:46,3
DA:57,3
DA:58,2
DA:62,2
DA:63,2
DA:64,1
DA:65,1
DA:67,1
LF:19
LH:19
BRDA:29,0,0,2
BRDA:29,0,1,4
BRF:2
BRH:2
end_of_record
TN:
SF:src\Helper\successManager.ts
FN:19,(anonymous_0)
FNF:1
FNH:1
FNDA:21,(anonymous_0)
DA:19,4
DA:20,21
DA:21,21
DA:23,21
LF:4
LH:4
BRDA:20,0,0,21
BRDA:20,0,1,1
BRDA:21,1,0,21
BRDA:21,1,1,0
BRF:4
BRH:3
end_of_record
TN:
SF:src\Helper\tokenManager.ts
FN:16,(anonymous_0)
FN:31,(anonymous_1)
FN:56,(anonymous_2)
FNF:3
FNH:3
FNDA:1,(anonymous_0)
FNDA:2,(anonymous_1)
FNDA:2,(anonymous_2)
DA:16,3
DA:17,1
DA:31,3
DA:32,2
DA:33,2
DA:39,2
DA:41,1
DA:43,1
DA:45,1
DA:56,3
DA:57,2
DA:58,2
DA:59,2
DA:60,2
DA:62,2
DA:63,2
DA:64,2
DA:66,2
DA:68,1
DA:70,1
DA:72,1
LF:21
LH:21
BRF:0
BRH:0
end_of_record
TN:
SF:src\Helper\validateRequestManager.ts
FN:16,(anonymous_0)
FN:204,(anonymous_1)
FN:205,(anonymous_2)
FN:206,(anonymous_3)
FN:212,(anonymous_4)
FN:234,(anonymous_5)
FNF:6
FNH:6
FNDA:35,(anonymous_0)
FNDA:48,(anonymous_1)
FNDA:61,(anonymous_2)
FNDA:165,(anonymous_3)
FNDA:33,(anonymous_4)
FNDA:26,(anonymous_5)
DA:15,5
DA:17,35
DA:18,8
DA:20,27
DA:29,5
DA:43,5
DA:55,5
DA:67,5
DA:78,5
DA:89,5
DA:102,5
DA:112,5
DA:125,5
DA:137,5
DA:148,5
DA:160,5
DA:172,5
DA:183,5
DA:195,5
DA:204,5
DA:205,48
DA:206,165
DA:208,61
DA:209,61
DA:210,20
DA:212,20
DA:213,33
DA:214,32
DA:216,1
DA:220,20
DA:221,20
DA:224,41
DA:234,5
DA:235,26
DA:236,26
DA:237,1
DA:240,25
DA:241,25
DA:243,25
DA:244,23
DA:245,21
DA:246,21
DA:248,2
DA:252,4
LF:44
LH:44
BRDA:17,0,0,8
BRDA:17,0,1,27
BRDA:209,1,0,20
BRDA:209,1,1,41
BRDA:213,2,0,32
BRDA:213,2,1,1
BRDA:236,3,0,1
BRDA:236,3,1,25
BRDA:236,4,0,26
BRDA:236,4,1,25
BRDA:244,5,0,21
BRDA:244,5,1,2
BRDA:244,6,0,23
BRDA:244,6,1,23
BRF:14
BRH:14
end_of_record
TN:
SF:src\MySQL\database.ts
FN:23,getUsers
FN:33,getUserByEmail
FN:46,getUserById
FN:62,createUser
FN:77,updateLastLoginTime
FN:93,updateUserInfo
FN:107,updateUserPassword
FN:121,updateRefreshToken
FN:136,updateResetToken
FN:149,clearResetToken
FN:162,getUserDevices
FN:175,getUserDevice
FN:195,addUserDevice
FN:213,updateDeviceWifi
FN:226,getFactoryDevice
FN:239,getDeviceLogs
FN:252,getLastDeviceLog
FN:266,updateUserSocketId
FN:279,getUserBySocket
FN:292,getDevice
FN:305,getDeviceThing
FN:319,updatePresenceConnection
FNF:22
FNH:22
FNDA:1,getUsers
FNDA:2,getUserByEmail
FNDA:9,getUserById
FNDA:1,createUser
FNDA:1,updateLastLoginTime
FNDA:1,updateUserInfo
FNDA:1,updateUserPassword
FNDA:1,updateRefreshToken
FNDA:1,updateResetToken
FNDA:1,clearResetToken
FNDA:1,getUserDevices
FNDA:4,getUserDevice
FNDA:1,addUserDevice
FNDA:1,updateDeviceWifi
FNDA:1,getFactoryDevice
FNDA:1,getDeviceLogs
FNDA:1,getLastDeviceLog
FNDA:1,updateUserSocketId
FNDA:1,getUserBySocket
FNDA:1,getDevice
FNDA:1,getDeviceThing
FNDA:1,updatePresenceConnection
DA:5,2
DA:11,2
DA:24,1
DA:25,1
DA:34,2
DA:38,2
DA:47,9
DA:51,9
DA:63,1
DA:68,1
DA:69,1
DA:78,1
DA:82,1
DA:94,1
DA:98,1
DA:108,1
DA:112,1
DA:122,1
DA:126,1
DA:137,1
DA:141,1
DA:150,1
DA:154,1
DA:163,1
DA:167,1
DA:176,4
DA:180,4
DA:196,1
DA:201,1
DA:202,1
DA:214,1
DA:218,1
DA:227,1
DA:231,1
DA:240,1
DA:244,1
DA:253,1
DA:257,1
DA:267,1
DA:271,1
DA:280,1
DA:284,1
DA:293,1
DA:297,1
DA:306,1
DA:310,1
DA:320,1
DA:324,1
LF:48
LH:48
BRF:0
BRH:0
end_of_record
TN:
SF:src\Routes\authRouter.ts
FN:68,(anonymous_0)
FN:95,(anonymous_1)
FN:135,(anonymous_2)
FN:164,(anonymous_3)
FN:206,(anonymous_4)
FN:246,(anonymous_5)
FN:300,(anonymous_6)
FN:311,(anonymous_7)
FNF:8
FNH:8
FNDA:2,(anonymous_0)
FNDA:3,(anonymous_1)
FNDA:3,(anonymous_2)
FNDA:3,(anonymous_3)
FNDA:2,(anonymous_4)
FNDA:3,(anonymous_5)
FNDA:1,(anonymous_6)
FNDA:1,(anonymous_7)
DA:30,3
DA:41,3
DA:56,3
DA:68,3
DA:69,2
DA:70,2
DA:71,2
DA:72,2
DA:73,1
DA:76,1
DA:77,1
DA:79,1
DA:80,0
DA:83,1
DA:85,1
DA:95,3
DA:96,3
DA:97,3
DA:98,3
DA:99,3
DA:100,1
DA:103,2
DA:104,2
DA:105,1
DA:108,1
DA:109,1
DA:110,1
DA:112,1
DA:113,0
DA:116,1
DA:123,1
DA:125,2
DA:135,3
DA:136,3
DA:137,3
DA:139,3
DA:140,1
DA:143,2
DA:145,2
DA:149,1
DA:152,1
DA:154,2
DA:164,3
DA:165,3
DA:167,3
DA:168,0
DA:171,3
DA:173,3
DA:175,3
DA:176,0
DA:179,3
DA:181,3
DA:183,3
DA:184,1
DA:187,2
DA:188,2
DA:189,1
DA:192,1
DA:193,1
DA:196,2
DA:206,3
DA:207,2
DA:209,2
DA:210,2
DA:212,2
DA:213,1
DA:216,1
DA:218,1
DA:220,1
DA:230,1
DA:232,1
DA:235,0
DA:246,3
DA:247,3
DA:248,3
DA:250,3
DA:252,3
DA:253,3
DA:254,2
DA:257,1
DA:258,1
DA:259,0
DA:262,1
DA:264,1
DA:266,1
DA:267,0
DA:270,1
DA:272,1
DA:273,1
DA:275,1
DA:277,1
DA:284,1
DA:286,1
DA:289,2
DA:300,3
DA:301,1
DA:302,1
DA:311,3
DA:312,1
LF:99
LH:92
BRDA:72,0,0,1
BRDA:72,0,1,1
BRDA:79,1,0,0
BRDA:79,1,1,1
BRDA:99,2,0,1
BRDA:99,2,1,2
BRDA:104,3,0,1
BRDA:104,3,1,1
BRDA:112,4,0,0
BRDA:112,4,1,1
BRDA:139,5,0,1
BRDA:139,5,1,2
BRDA:145,6,0,1
BRDA:145,6,1,1
BRDA:145,7,0,2
BRDA:145,7,1,2
BRDA:145,7,2,1
BRDA:145,7,3,1
BRDA:167,8,0,0
BRDA:167,8,1,3
BRDA:175,9,0,0
BRDA:175,9,1,3
BRDA:175,10,0,3
BRDA:175,10,1,3
BRDA:183,11,0,1
BRDA:183,11,1,2
BRDA:183,12,0,3
BRDA:183,12,1,2
BRDA:188,13,0,1
BRDA:188,13,1,1
BRDA:212,14,0,1
BRDA:212,14,1,1
BRDA:253,15,0,2
BRDA:253,15,1,1
BRDA:253,16,0,3
BRDA:253,16,1,3
BRDA:258,17,0,0
BRDA:258,17,1,1
BRDA:258,18,0,1
BRDA:258,18,1,1
BRDA:258,18,2,1
BRDA:266,19,0,0
BRDA:266,19,1,1
BRDA:266,20,0,1
BRDA:266,20,1,1
BRF:45
BRH:39
end_of_record
TN:
SF:src\Routes\dashboardRouter.ts
FN:41,(anonymous_0)
FN:61,(anonymous_1)
FN:80,(anonymous_2)
FN:112,(anonymous_3)
FN:135,(anonymous_4)
FN:166,(anonymous_5)
FN:191,(anonymous_6)
FN:222,(anonymous_7)
FN:253,(anonymous_8)
FN:291,(anonymous_9)
FN:313,(anonymous_10)
FNF:11
FNH:11
FNDA:1,(anonymous_0)
FNDA:1,(anonymous_1)
FNDA:3,(anonymous_2)
FNDA:2,(anonymous_3)
FNDA:3,(anonymous_4)
FNDA:3,(anonymous_5)
FNDA:3,(anonymous_6)
FNDA:3,(anonymous_7)
FNDA:4,(anonymous_8)
FNDA:2,(anonymous_9)
FNDA:1,(anonymous_10)
DA:32,3
DA:41,3
DA:42,1
DA:43,1
DA:44,0
DA:47,1
DA:48,1
DA:50,0
DA:61,3
DA:62,1
DA:64,1
DA:65,1
DA:66,1
DA:67,1
DA:69,0
DA:80,3
DA:81,3
DA:83,3
DA:84,3
DA:85,0
DA:88,3
DA:89,3
DA:90,1
DA:93,2
DA:94,2
DA:95,2
DA:96,1
DA:99,1
DA:101,2
DA:112,3
DA:113,2
DA:115,2
DA:116,2
DA:117,2
DA:118,2
DA:119,1
DA:122,1
DA:124,1
DA:135,3
DA:136,3
DA:138,3
DA:142,3
DA:144,3
DA:146,3
DA:147,1
DA:150,2
DA:152,1
DA:155,2
DA:166,3
DA:167,3
DA:169,3
DA:171,3
DA:173,3
DA:174,1
DA:177,2
DA:178,1
DA:180,2
DA:191,3
DA:192,3
DA:194,3
DA:196,3
DA:198,3
DA:199,1
DA:202,2
DA:204,2
DA:205,0
DA:208,2
DA:209,1
DA:211,2
DA:222,3
DA:224,3
DA:226,3
DA:230,3
DA:231,3
DA:233,3
DA:234,1
DA:237,2
DA:239,1
DA:242,2
DA:253,3
DA:254,4
DA:256,4
DA:258,4
DA:262,4
DA:266,4
DA:268,4
DA:269,1
DA:272,3
DA:274,2
DA:275,2
DA:278,1
DA:280,3
DA:291,3
DA:292,2
DA:294,2
DA:295,2
DA:297,1
DA:298,0
DA:301,1
DA:303,1
DA:313,3
DA:314,1
LF:102
LH:96
BRDA:43,0,0,0
BRDA:43,0,1,1
BRDA:67,1,0,1
BRDA:67,1,1,0
BRDA:84,2,0,0
BRDA:84,2,1,3
BRDA:89,3,0,1
BRDA:89,3,1,2
BRDA:95,4,0,1
BRDA:95,4,1,1
BRDA:118,5,0,1
BRDA:118,5,1,1
BRDA:118,6,0,2
BRDA:118,6,1,1
BRDA:146,7,0,1
BRDA:146,7,1,2
BRDA:173,8,0,1
BRDA:173,8,1,2
BRDA:198,9,0,1
BRDA:198,9,1,2
BRDA:204,10,0,0
BRDA:204,10,1,2
BRDA:204,11,0,2
BRDA:204,11,1,2
BRDA:233,12,0,1
BRDA:233,12,1,2
BRDA:268,13,0,1
BRDA:268,13,1,3
BRDA:274,14,0,2
BRDA:274,14,1,0
BRDA:297,15,0,0
BRDA:297,15,1,1
BRF:32
BRH:26
end_of_record
TN:
SF:src\sockets\index.ts
FN:16,initSocket
FN:34,(anonymous_1)
FN:71,connectSocket
FN:76,(anonymous_3)
FN:80,(anonymous_4)
FN:96,handleAddUser
FN:97,(anonymous_6)
FN:123,handleRemoveUser
FN:124,(anonymous_8)
FN:149,handleDisconnect
FN:150,(anonymous_10)
FN:169,handleCheckSocket
FN:170,(anonymous_12)
FN:198,getIo
FN:214,emitToUser
FNF:15
FNH:13
FNDA:2,initSocket
FNDA:2,(anonymous_1)
FNDA:2,connectSocket
FNDA:0,(anonymous_3)
FNDA:0,(anonymous_4)
FNDA:1,handleAddUser
FNDA:1,(anonymous_6)
FNDA:1,handleRemoveUser
FNDA:1,(anonymous_8)
FNDA:2,handleDisconnect
FNDA:2,(anonymous_10)
FNDA:3,handleCheckSocket
FNDA:3,(anonymous_12)
FNDA:1,getIo
FNDA:2,emitToUser
DA:17,2
DA:34,2
DA:36,2
DA:38,2
DA:39,0
DA:44,2
DA:45,2
DA:47,0
DA:50,2
DA:51,2
DA:52,1
DA:53,1
DA:54,1
DA:56,0
DA:60,1
DA:72,2
DA:73,0
DA:76,2
DA:77,0
DA:80,2
DA:82,0
DA:83,0
DA:84,0
DA:85,0
DA:97,1
DA:98,1
DA:99,1
DA:101,1
DA:102,0
DA:105,1
DA:106,0
DA:109,1
DA:110,1
DA:112,0
DA:124,1
DA:125,1
DA:126,1
DA:128,1
DA:129,0
DA:132,1
DA:133,1
DA:136,1
DA:138,0
DA:150,2
DA:151,2
DA:152,2
DA:154,2
DA:155,1
DA:158,0
DA:170,3
DA:171,3
DA:172,3
DA:174,3
DA:175,1
DA:176,1
DA:179,2
DA:180,1
DA:181,1
DA:182,1
DA:185,1
DA:187,0
DA:199,1
DA:200,0
DA:202,1
DA:215,2
DA:216,0
DA:219,2
DA:220,2
DA:222,2
DA:223,1
DA:226,1
DA:228,1
LF:72
LH:54
BRDA:38,0,0,0
BRDA:38,0,1,2
BRDA:44,1,0,2
BRDA:44,1,1,0
BRDA:52,2,0,1
BRDA:52,2,1,0
BRDA:52,3,0,1
BRDA:52,3,1,1
BRDA:72,4,0,0
BRDA:72,4,1,2
BRDA:101,5,0,0
BRDA:101,5,1,1
BRDA:105,6,0,0
BRDA:105,6,1,1
BRDA:128,7,0,0
BRDA:128,7,1,1
BRDA:132,8,0,1
BRDA:132,8,1,0
BRDA:154,9,0,1
BRDA:154,9,1,1
BRDA:174,10,0,1
BRDA:174,10,1,2
BRDA:179,11,0,1
BRDA:179,11,1,1
BRDA:199,12,0,0
BRDA:199,12,1,1
BRDA:215,13,0,0
BRDA:215,13,1,2
BRDA:222,14,0,1
BRDA:222,14,1,1
BRDA:222,15,0,2
BRDA:222,15,1,1
BRF:32
BRH:22
end_of_record
